{"numFailedTestSuites":0,"numFailedTests":0,"numPassedTestSuites":12,"numPassedTests":53,"numPendingTestSuites":0,"numPendingTests":0,"numRuntimeErrorTestSuites":0,"numTodoTests":0,"numTotalTestSuites":12,"numTotalTests":53,"openHandles":[],"snapshot":{"added":0,"didUpdate":false,"failure":false,"filesAdded":0,"filesRemoved":0,"filesRemovedList":[],"filesUnmatched":0,"filesUpdated":0,"matched":0,"total":0,"unchecked":0,"uncheckedKeysByFile":[],"unmatched":0,"updated":0},"startTime":1780075254920,"success":true,"testResults":[{"assertionResults":[{"ancestorTitles":["Estrazione asset da file reale (mock Ollama)"],"duration":6274,"failing":false,"failureDetails":[],"failureMessages":[],"fullName":"Estrazione asset da file reale (mock Ollama) POST /api/analyze/extract-assets con file reale restituisce asset e chiama Ollama","invocations":1,"location":null,"numPassingAsserts":3,"retryReasons":[],"startAt":1780075257613,"status":"passed","title":"POST /api/analyze/extract-assets con file reale restituisce asset e chiama Ollama"},{"ancestorTitles":["Estrazione asset da file reale (mock Ollama)"],"duration":11930,"failing":false,"failureDetails":[],"failureMessages":[],"fullName":"Estrazione asset da file reale (mock Ollama) POST /api/analyze/extract-assets con chunking attivo chiama Ollama per ogni chunk","invocations":1,"location":null,"numPassingAsserts":3,"retryReasons":[],"startAt":1780075263890,"status":"passed","title":"POST /api/analyze/extract-assets con chunking attivo chiama Ollama per ogni chunk"}],"endTime":1780075275823,"message":"","name":"C:\\Users\\user\\Downloads\\uni\\ApplicazioneQwen\\threat-modeler\\backend\\tests\\integration\\extractAssetsWithFile.test.js","startTime":1780075255590,"status":"passed","summary":""},{"assertionResults":[{"ancestorTitles":["RAG reale con bridge Python"],"duration":2400,"failing":false,"failureDetails":[],"failureMessages":[],"fullName":"RAG reale con bridge Python health restituisce ok","invocations":1,"location":null,"numPassingAsserts":1,"retryReasons":[],"startAt":1780075276078,"status":"passed","title":"health restituisce ok"},{"ancestorTitles":["RAG reale con bridge Python"],"duration":2805,"failing":false,"failureDetails":[],"failureMessages":[],"fullName":"RAG reale con bridge Python query su collezione vuota restituisce array vuoto","invocations":1,"location":null,"numPassingAsserts":2,"retryReasons":[],"startAt":1780075278479,"status":"passed","title":"query su collezione vuota restituisce array vuoto"},{"ancestorTitles":["RAG reale con bridge Python"],"duration":5785,"failing":false,"failureDetails":[],"failureMessages":[],"fullName":"RAG reale con bridge Python ingest e query restituiscono documenti","invocations":1,"location":null,"numPassingAsserts":3,"retryReasons":[],"startAt":1780075281284,"status":"passed","title":"ingest e query restituiscono documenti"},{"ancestorTitles":["RAG reale con bridge Python"],"duration":2874,"failing":false,"failureDetails":[],"failureMessages":[],"fullName":"RAG reale con bridge Python query arricchita con tassonomia","invocations":1,"location":null,"numPassingAsserts":1,"retryReasons":[],"startAt":1780075287069,"status":"passed","title":"query arricchita con tassonomia"}],"endTime":1780075289955,"message":"","name":"C:\\Users\\user\\Downloads\\uni\\ApplicazioneQwen\\threat-modeler\\backend\\tests\\integration\\rag.real.test.js","startTime":1780075275910,"status":"passed","summary":""},{"assertionResults":[{"ancestorTitles":["Assets API"],"duration":102,"failing":false,"failureDetails":[],"failureMessages":[],"fullName":"Assets API POST /api/assets crea un asset","invocations":1,"location":null,"numPassingAsserts":1,"retryReasons":[],"startAt":1780075290345,"status":"passed","title":"POST /api/assets crea un asset"},{"ancestorTitles":["Assets API"],"duration":22,"failing":false,"failureDetails":[],"failureMessages":[],"fullName":"Assets API GET /api/assets restituisce array","invocations":1,"location":null,"numPassingAsserts":1,"retryReasons":[],"startAt":1780075290448,"status":"passed","title":"GET /api/assets restituisce array"},{"ancestorTitles":["Assets API"],"duration":29,"failing":false,"failureDetails":[],"failureMessages":[],"fullName":"Assets API PUT /api/assets/:id aggiorna","invocations":1,"location":null,"numPassingAsserts":1,"retryReasons":[],"startAt":1780075290471,"status":"passed","title":"PUT /api/assets/:id aggiorna"},{"ancestorTitles":["Assets API"],"duration":43,"failing":false,"failureDetails":[],"failureMessages":[],"fullName":"Assets API DELETE /api/assets/:id elimina","invocations":1,"location":null,"numPassingAsserts":1,"retryReasons":[],"startAt":1780075290501,"status":"passed","title":"DELETE /api/assets/:id elimina"},{"ancestorTitles":["Flows API"],"duration":28,"failing":false,"failureDetails":[],"failureMessages":[],"fullName":"Flows API POST /api/flows crea un flusso","invocations":1,"location":null,"numPassingAsserts":1,"retryReasons":[],"startAt":1780075290545,"status":"passed","title":"POST /api/flows crea un flusso"},{"ancestorTitles":["Flows API"],"duration":33,"failing":false,"failureDetails":[],"failureMessages":[],"fullName":"Flows API GET /api/flows restituisce array","invocations":1,"location":null,"numPassingAsserts":1,"retryReasons":[],"startAt":1780075290574,"status":"passed","title":"GET /api/flows restituisce array"},{"ancestorTitles":["Flows API"],"duration":34,"failing":false,"failureDetails":[],"failureMessages":[],"fullName":"Flows API PUT /api/flows/:id aggiorna","invocations":1,"location":null,"numPassingAsserts":1,"retryReasons":[],"startAt":1780075290608,"status":"passed","title":"PUT /api/flows/:id aggiorna"},{"ancestorTitles":["Flows API"],"duration":53,"failing":false,"failureDetails":[],"failureMessages":[],"fullName":"Flows API DELETE /api/flows/:id elimina","invocations":1,"location":null,"numPassingAsserts":1,"retryReasons":[],"startAt":1780075290643,"status":"passed","title":"DELETE /api/flows/:id elimina"}],"endTime":1780075290698,"message":"","name":"C:\\Users\\user\\Downloads\\uni\\ApplicazioneQwen\\threat-modeler\\backend\\tests\\integration\\assets.integration.test.js","startTime":1780075289969,"status":"passed","summary":""},{"assertionResults":[{"ancestorTitles":["RagService","costruttore"],"duration":21,"failing":false,"failureDetails":[],"failureMessages":[],"fullName":"RagService costruttore lancia errore per modalità sconosciuta","invocations":1,"location":null,"numPassingAsserts":1,"retryReasons":[],"startAt":1780075290901,"status":"passed","title":"lancia errore per modalità sconosciuta"},{"ancestorTitles":["RagService","modalità http-server"],"duration":5,"failing":false,"failureDetails":[],"failureMessages":[],"fullName":"RagService modalità http-server health() esegue chiamata a /api/v2/heartbeat","invocations":1,"location":null,"numPassingAsserts":2,"retryReasons":[],"startAt":1780075290924,"status":"passed","title":"health() esegue chiamata a /api/v2/heartbeat"},{"ancestorTitles":["RagService","modalità http-server"],"duration":3,"failing":false,"failureDetails":[],"failureMessages":[],"fullName":"RagService modalità http-server health() lancia errore se ChromaDB non risponde","invocations":1,"location":null,"numPassingAsserts":1,"retryReasons":[],"startAt":1780075290930,"status":"passed","title":"health() lancia errore se ChromaDB non risponde"},{"ancestorTitles":["RagService","modalità http-server"],"duration":5,"failing":false,"failureDetails":[],"failureMessages":[],"fullName":"RagService modalità http-server query() chiama endpoint corretto e restituisce documenti","invocations":1,"location":null,"numPassingAsserts":2,"retryReasons":[],"startAt":1780075290934,"status":"passed","title":"query() chiama endpoint corretto e restituisce documenti"},{"ancestorTitles":["RagService","modalità http-server"],"duration":4,"failing":false,"failureDetails":[],"failureMessages":[],"fullName":"RagService modalità http-server ingest() invia documenti e restituisce conteggio","invocations":1,"location":null,"numPassingAsserts":2,"retryReasons":[],"startAt":1780075290940,"status":"passed","title":"ingest() invia documenti e restituisce conteggio"},{"ancestorTitles":["RagService","modalità python-client"],"duration":4,"failing":false,"failureDetails":[],"failureMessages":[],"fullName":"RagService modalità python-client health() esegue bridge con --health","invocations":1,"location":null,"numPassingAsserts":2,"retryReasons":[],"startAt":1780075290945,"status":"passed","title":"health() esegue bridge con --health"},{"ancestorTitles":["RagService","modalità python-client"],"duration":4,"failing":false,"failureDetails":[],"failureMessages":[],"fullName":"RagService modalità python-client query() scrive temp file e chiama bridge con --query","invocations":1,"location":null,"numPassingAsserts":4,"retryReasons":[],"startAt":1780075290950,"status":"passed","title":"query() scrive temp file e chiama bridge con --query"},{"ancestorTitles":["RagService","modalità python-client"],"duration":7,"failing":false,"failureDetails":[],"failureMessages":[],"fullName":"RagService modalità python-client gestisce errore del bridge (codice di uscita non zero)","invocations":1,"location":null,"numPassingAsserts":1,"retryReasons":[],"startAt":1780075290955,"status":"passed","title":"gestisce errore del bridge (codice di uscita non zero)"},{"ancestorTitles":["RagService","modalità python-client"],"duration":5,"failing":false,"failureDetails":[],"failureMessages":[],"fullName":"RagService modalità python-client gestisce output JSON non valido","invocations":1,"location":null,"numPassingAsserts":1,"retryReasons":[],"startAt":1780075290963,"status":"passed","title":"gestisce output JSON non valido"}],"endTime":1780075290969,"message":"","name":"C:\\Users\\user\\Downloads\\uni\\ApplicazioneQwen\\threat-modeler\\backend\\tests\\unit\\ragService.test.js","startTime":1780075290722,"status":"passed","summary":""},{"assertionResults":[{"ancestorTitles":["Server Integration"],"duration":43,"failing":false,"failureDetails":[],"failureMessages":[],"fullName":"Server Integration GET /api/methodologies restituisce lista metodologie","invocations":1,"location":null,"numPassingAsserts":1,"retryReasons":[],"startAt":1780075291350,"status":"passed","title":"GET /api/methodologies restituisce lista metodologie"},{"ancestorTitles":["Server Integration"],"duration":24,"failing":false,"failureDetails":[],"failureMessages":[],"fullName":"Server Integration GET /api/config restituisce configurazione","invocations":1,"location":null,"numPassingAsserts":2,"retryReasons":[],"startAt":1780075291394,"status":"passed","title":"GET /api/config restituisce configurazione"},{"ancestorTitles":["Server Integration"],"duration":31,"failing":false,"failureDetails":[],"failureMessages":[],"fullName":"Server Integration POST /api/analyze/extract-assets - validazione input","invocations":1,"location":null,"numPassingAsserts":1,"retryReasons":[],"startAt":1780075291418,"status":"passed","title":"POST /api/analyze/extract-assets - validazione input"},{"ancestorTitles":["Server Integration"],"duration":56,"failing":false,"failureDetails":[],"failureMessages":[],"fullName":"Server Integration POST /api/analyze/extract-assets con file inesistente","invocations":1,"location":null,"numPassingAsserts":1,"retryReasons":[],"startAt":1780075291450,"status":"passed","title":"POST /api/analyze/extract-assets con file inesistente"},{"ancestorTitles":["Server Integration"],"duration":1,"failing":false,"failureDetails":[],"failureMessages":[],"fullName":"Server Integration app.locals.config è stato caricato","invocations":1,"location":null,"numPassingAsserts":2,"retryReasons":[],"startAt":1780075291507,"status":"passed","title":"app.locals.config è stato caricato"}],"endTime":1780075291510,"message":"","name":"C:\\Users\\user\\Downloads\\uni\\ApplicazioneQwen\\threat-modeler\\backend\\tests\\integration\\server.integration.test.js","startTime":1780075291014,"status":"passed","summary":""},{"assertionResults":[{"ancestorTitles":["Configurazione reale"],"duration":34,"failing":false,"failureDetails":[],"failureMessages":[],"fullName":"Configurazione reale GET /api/config restituisce oggetto valido","invocations":1,"location":null,"numPassingAsserts":2,"retryReasons":[],"startAt":1780075291859,"status":"passed","title":"GET /api/config restituisce oggetto valido"},{"ancestorTitles":["Configurazione reale"],"duration":56,"failing":false,"failureDetails":[],"failureMessages":[],"fullName":"Configurazione reale PUT /api/config con campi validi aggiorna la configurazione","invocations":1,"location":null,"numPassingAsserts":2,"retryReasons":[],"startAt":1780075291894,"status":"passed","title":"PUT /api/config con campi validi aggiorna la configurazione"},{"ancestorTitles":["Configurazione reale"],"duration":20,"failing":false,"failureDetails":[],"failureMessages":[],"fullName":"Configurazione reale PUT /api/config con configurazione non valida restituisce errore","invocations":1,"location":null,"numPassingAsserts":1,"retryReasons":[],"startAt":1780075291951,"status":"passed","title":"PUT /api/config con configurazione non valida restituisce errore"}],"endTime":1780075291977,"message":"","name":"C:\\Users\\user\\Downloads\\uni\\ApplicazioneQwen\\threat-modeler\\backend\\tests\\integration\\config.real.test.js","startTime":1780075291548,"status":"passed","summary":""},{"assertionResults":[{"ancestorTitles":["TextExtractorService"],"duration":7,"failing":false,"failureDetails":[],"failureMessages":[],"fullName":"TextExtractorService estrae testo da file .txt","invocations":1,"location":null,"numPassingAsserts":1,"retryReasons":[],"startAt":1780075292172,"status":"passed","title":"estrae testo da file .txt"},{"ancestorTitles":["TextExtractorService"],"duration":37,"failing":false,"failureDetails":[],"failureMessages":[],"fullName":"TextExtractorService estrae testo da file .md","invocations":1,"location":null,"numPassingAsserts":2,"retryReasons":[],"startAt":1780075292180,"status":"passed","title":"estrae testo da file .md"},{"ancestorTitles":["TextExtractorService"],"duration":8,"failing":false,"failureDetails":[],"failureMessages":[],"fullName":"TextExtractorService estrae testo da file .html","invocations":1,"location":null,"numPassingAsserts":1,"retryReasons":[],"startAt":1780075292218,"status":"passed","title":"estrae testo da file .html"},{"ancestorTitles":["TextExtractorService"],"duration":1,"failing":false,"failureDetails":[],"failureMessages":[],"fullName":"TextExtractorService estrae testo da PDF (mock)","invocations":1,"location":null,"numPassingAsserts":1,"retryReasons":[],"startAt":1780075292227,"status":"passed","title":"estrae testo da PDF (mock)"},{"ancestorTitles":["TextExtractorService"],"duration":13,"failing":false,"failureDetails":[],"failureMessages":[],"fullName":"TextExtractorService lancia errore per formato non supportato","invocations":1,"location":null,"numPassingAsserts":1,"retryReasons":[],"startAt":1780075292229,"status":"passed","title":"lancia errore per formato non supportato"}],"endTime":1780075292249,"message":"","name":"C:\\Users\\user\\Downloads\\uni\\ApplicazioneQwen\\threat-modeler\\backend\\tests\\unit\\textExtractorService.test.js","startTime":1780075291994,"status":"passed","summary":""},{"assertionResults":[{"ancestorTitles":["AssetExtractionPipeline"],"duration":4,"failing":false,"failureDetails":[],"failureMessages":[],"fullName":"AssetExtractionPipeline esegue estrazione base senza chunking e senza RAG","invocations":1,"location":null,"numPassingAsserts":4,"retryReasons":[],"startAt":1780075292458,"status":"passed","title":"esegue estrazione base senza chunking e senza RAG"},{"ancestorTitles":["AssetExtractionPipeline"],"duration":5,"failing":false,"failureDetails":[],"failureMessages":[],"fullName":"AssetExtractionPipeline usa chunking e RAG se abilitati","invocations":1,"location":null,"numPassingAsserts":3,"retryReasons":[],"startAt":1780075292463,"status":"passed","title":"usa chunking e RAG se abilitati"},{"ancestorTitles":["AssetExtractionPipeline"],"duration":10,"failing":false,"failureDetails":[],"failureMessages":[],"fullName":"AssetExtractionPipeline gestisce errore durante estrazione","invocations":1,"location":null,"numPassingAsserts":1,"retryReasons":[],"startAt":1780075292469,"status":"passed","title":"gestisce errore durante estrazione"}],"endTime":1780075292480,"message":"","name":"C:\\Users\\user\\Downloads\\uni\\ApplicazioneQwen\\threat-modeler\\backend\\tests\\unit\\assetExtractionPipeline.test.js","startTime":1780075292258,"status":"passed","summary":""},{"assertionResults":[{"ancestorTitles":["Asset Service"],"duration":2,"failing":false,"failureDetails":[],"failureMessages":[],"fullName":"Asset Service getAllAssets restituisce la lista di asset","invocations":1,"location":null,"numPassingAsserts":2,"retryReasons":[],"startAt":1780075292553,"status":"passed","title":"getAllAssets restituisce la lista di asset"},{"ancestorTitles":["Asset Service"],"duration":2,"failing":false,"failureDetails":[],"failureMessages":[],"fullName":"Asset Service createAsset aggiunge un nuovo asset","invocations":1,"location":null,"numPassingAsserts":3,"retryReasons":[],"startAt":1780075292556,"status":"passed","title":"createAsset aggiunge un nuovo asset"},{"ancestorTitles":["Asset Service"],"duration":2,"failing":false,"failureDetails":[],"failureMessages":[],"fullName":"Asset Service updateAsset modifica un asset esistente","invocations":1,"location":null,"numPassingAsserts":2,"retryReasons":[],"startAt":1780075292559,"status":"passed","title":"updateAsset modifica un asset esistente"},{"ancestorTitles":["Asset Service"],"duration":9,"failing":false,"failureDetails":[],"failureMessages":[],"fullName":"Asset Service updateAsset lancia errore se asset non trovato","invocations":1,"location":null,"numPassingAsserts":1,"retryReasons":[],"startAt":1780075292562,"status":"passed","title":"updateAsset lancia errore se asset non trovato"}],"endTime":1780075292572,"message":"","name":"C:\\Users\\user\\Downloads\\uni\\ApplicazioneQwen\\threat-modeler\\backend\\tests\\unit\\assetService.test.js","startTime":1780075292495,"status":"passed","summary":""},{"assertionResults":[{"ancestorTitles":["MethodologyService"],"duration":3,"failing":false,"failureDetails":[],"failureMessages":[],"fullName":"MethodologyService loadManifest carica manifest.json","invocations":1,"location":null,"numPassingAsserts":2,"retryReasons":[],"startAt":1780075292651,"status":"passed","title":"loadManifest carica manifest.json"},{"ancestorTitles":["MethodologyService"],"duration":11,"failing":false,"failureDetails":[],"failureMessages":[],"fullName":"MethodologyService getMethodology restituisce metodologia abilitata","invocations":1,"location":null,"numPassingAsserts":2,"retryReasons":[],"startAt":1780075292655,"status":"passed","title":"getMethodology restituisce metodologia abilitata"},{"ancestorTitles":["MethodologyService"],"duration":3,"failing":false,"failureDetails":[],"failureMessages":[],"fullName":"MethodologyService loadTaxonomy carica e mette in cache","invocations":1,"location":null,"numPassingAsserts":3,"retryReasons":[],"startAt":1780075292666,"status":"passed","title":"loadTaxonomy carica e mette in cache"},{"ancestorTitles":["MethodologyService"],"duration":2,"failing":false,"failureDetails":[],"failureMessages":[],"fullName":"MethodologyService buildExtractionPrompt genera prompt con variabili","invocations":1,"location":null,"numPassingAsserts":3,"retryReasons":[],"startAt":1780075292670,"status":"passed","title":"buildExtractionPrompt genera prompt con variabili"}],"endTime":1780075292674,"message":"","name":"C:\\Users\\user\\Downloads\\uni\\ApplicazioneQwen\\threat-modeler\\backend\\tests\\unit\\methodologyService.test.js","startTime":1780075292596,"status":"passed","summary":""},{"assertionResults":[{"ancestorTitles":["Flow Service"],"duration":2,"failing":false,"failureDetails":[],"failureMessages":[],"fullName":"Flow Service getAllFlows restituisce array","invocations":1,"location":null,"numPassingAsserts":1,"retryReasons":[],"startAt":1780075292741,"status":"passed","title":"getAllFlows restituisce array"},{"ancestorTitles":["Flow Service"],"duration":2,"failing":false,"failureDetails":[],"failureMessages":[],"fullName":"Flow Service createFlow aggiunge un nuovo flusso","invocations":1,"location":null,"numPassingAsserts":3,"retryReasons":[],"startAt":1780075292744,"status":"passed","title":"createFlow aggiunge un nuovo flusso"},{"ancestorTitles":["Flow Service"],"duration":2,"failing":false,"failureDetails":[],"failureMessages":[],"fullName":"Flow Service updateFlow modifica flusso esistente","invocations":1,"location":null,"numPassingAsserts":1,"retryReasons":[],"startAt":1780075292747,"status":"passed","title":"updateFlow modifica flusso esistente"},{"ancestorTitles":["Flow Service"],"duration":2,"failing":false,"failureDetails":[],"failureMessages":[],"fullName":"Flow Service deleteFlow elimina flusso","invocations":1,"location":null,"numPassingAsserts":2,"retryReasons":[],"startAt":1780075292750,"status":"passed","title":"deleteFlow elimina flusso"}],"endTime":1780075292754,"message":"","name":"C:\\Users\\user\\Downloads\\uni\\ApplicazioneQwen\\threat-modeler\\backend\\tests\\unit\\flowService.test.js","startTime":1780075292682,"status":"passed","summary":""},{"assertionResults":[{"ancestorTitles":["Metodologie con tassonomia mancante"],"duration":5,"failing":false,"failureDetails":[],"failureMessages":[],"fullName":"Metodologie con tassonomia mancante loadTaxonomy lancia errore per metodologia senza taxonomy.json","invocations":1,"location":null,"numPassingAsserts":1,"retryReasons":[],"startAt":1780075292816,"status":"passed","title":"loadTaxonomy lancia errore per metodologia senza taxonomy.json"},{"ancestorTitles":["Metodologie con tassonomia mancante"],"duration":2,"failing":false,"failureDetails":[],"failureMessages":[],"fullName":"Metodologie con tassonomia mancante buildExtractionPrompt fallisce graceful se tassonomia mancante","invocations":1,"location":null,"numPassingAsserts":1,"retryReasons":[],"startAt":1780075292822,"status":"passed","title":"buildExtractionPrompt fallisce graceful se tassonomia mancante"}],"endTime":1780075292825,"message":"","name":"C:\\Users\\user\\Downloads\\uni\\ApplicazioneQwen\\threat-modeler\\backend\\tests\\integration\\methodology.real.test.js","startTime":1780075292763,"status":"passed","summary":""}],"wasInterrupted":false}
