{"numFailedTestSuites":3,"numFailedTests":9,"numPassedTestSuites":12,"numPassedTests":99,"numPendingTestSuites":0,"numPendingTests":0,"numRuntimeErrorTestSuites":0,"numTodoTests":0,"numTotalTestSuites":15,"numTotalTests":108,"openHandles":[],"snapshot":{"added":0,"didUpdate":false,"failure":false,"filesAdded":0,"filesRemoved":0,"filesRemovedList":[],"filesUnmatched":0,"filesUpdated":0,"matched":0,"total":0,"unchecked":0,"uncheckedKeysByFile":[],"unmatched":0,"updated":0},"startTime":1780233920275,"success":false,"testResults":[{"assertionResults":[{"ancestorTitles":["Projects API - CRUD e auto-attivazione"],"duration":90,"failing":false,"failureDetails":[],"failureMessages":[],"fullName":"Projects API - CRUD e auto-attivazione POST /api/projects crea un progetto e lo imposta automaticamente come attivo","invocations":1,"location":null,"numPassingAsserts":6,"retryReasons":[],"startAt":1780233921646,"status":"passed","title":"POST /api/projects crea un progetto e lo imposta automaticamente come attivo"},{"ancestorTitles":["Projects API - CRUD e auto-attivazione"],"duration":57,"failing":false,"failureDetails":[],"failureMessages":[],"fullName":"Projects API - CRUD e auto-attivazione POST /api/projects disattiva eventuali progetti attivi preesistenti","invocations":1,"location":null,"numPassingAsserts":3,"retryReasons":[],"startAt":1780233921738,"status":"passed","title":"POST /api/projects disattiva eventuali progetti attivi preesistenti"},{"ancestorTitles":["Projects API - CRUD e auto-attivazione"],"duration":60,"failing":false,"failureDetails":[],"failureMessages":[],"fullName":"Projects API - CRUD e auto-attivazione GET /api/projects restituisce lista progetti","invocations":1,"location":null,"numPassingAsserts":4,"retryReasons":[],"startAt":1780233921795,"status":"passed","title":"GET /api/projects restituisce lista progetti"},{"ancestorTitles":["Projects API - CRUD e auto-attivazione"],"duration":61,"failing":false,"failureDetails":[],"failureMessages":[],"fullName":"Projects API - CRUD e auto-attivazione PUT /api/projects/:id aggiorna metadati senza modificare status o id","invocations":1,"location":null,"numPassingAsserts":4,"retryReasons":[],"startAt":1780233921856,"status":"passed","title":"PUT /api/projects/:id aggiorna metadati senza modificare status o id"},{"ancestorTitles":["Projects API - CRUD e auto-attivazione"],"duration":60,"failing":false,"failureDetails":[],"failureMessages":[],"fullName":"Projects API - CRUD e auto-attivazione POST /api/projects/:id/status cambia stato progetto","invocations":1,"location":null,"numPassingAsserts":2,"retryReasons":[],"startAt":1780233921917,"status":"passed","title":"POST /api/projects/:id/status cambia stato progetto"},{"ancestorTitles":["Projects API - CRUD e auto-attivazione"],"duration":56,"failing":false,"failureDetails":[],"failureMessages":[],"fullName":"Projects API - CRUD e auto-attivazione POST /api/projects/:id/status con stato non valido restituisce 400","invocations":1,"location":null,"numPassingAsserts":0,"retryReasons":[],"startAt":1780233921978,"status":"passed","title":"POST /api/projects/:id/status con stato non valido restituisce 400"},{"ancestorTitles":["Projects API - CRUD e auto-attivazione"],"duration":28,"failing":false,"failureDetails":[{}],"failureMessages":["Error: expected 404 \"Not Found\", got 400 \"Bad Request\"\n    at Object.expect (C:\\Users\\user\\Downloads\\uni\\ApplicazioneQwen\\threat-modeler\\backend\\tests\\integration\\projects.integration.test.js:281:14)\n    at processTicksAndRejections (node:internal/process/task_queues:104:5)\n----\n    at Test._assertStatus (C:\\Users\\user\\Downloads\\uni\\ApplicazioneQwen\\threat-modeler\\backend\\node_modules\\supertest\\lib\\test.js:309:14)\n    at C:\\Users\\user\\Downloads\\uni\\ApplicazioneQwen\\threat-modeler\\backend\\node_modules\\supertest\\lib\\test.js:365:13\n    at Test._assertFunction (C:\\Users\\user\\Downloads\\uni\\ApplicazioneQwen\\threat-modeler\\backend\\node_modules\\supertest\\lib\\test.js:342:13)\n    at Test.assert (C:\\Users\\user\\Downloads\\uni\\ApplicazioneQwen\\threat-modeler\\backend\\node_modules\\supertest\\lib\\test.js:195:23)\n    at localAssert (C:\\Users\\user\\Downloads\\uni\\ApplicazioneQwen\\threat-modeler\\backend\\node_modules\\supertest\\lib\\test.js:138:14)\n    at Server.<anonymous> (C:\\Users\\user\\Downloads\\uni\\ApplicazioneQwen\\threat-modeler\\backend\\node_modules\\supertest\\lib\\test.js:152:11)\n    at Object.onceWrapper (node:events:630:28)\n    at Server.emit (node:events:509:28)\n    at emitCloseNT (node:net:2487:8)\n    at processTicksAndRejections (node:internal/process/task_queues:89:21)"],"fullName":"Projects API - CRUD e auto-attivazione PUT/POST su progetto inesistente restituisce 404","invocations":1,"location":null,"numPassingAsserts":0,"retryReasons":[],"startAt":1780233922035,"status":"failed","title":"PUT/POST su progetto inesistente restituisce 404"},{"ancestorTitles":["Projects API - Isolamento cartelle e file"],"duration":21,"failing":false,"failureDetails":[{"errno":-4058,"code":"ENOENT","syscall":"stat","path":"C:\\Users\\user\\Downloads\\uni\\ApplicazioneQwen\\threat-modeler\\backend\\data-test-projects\\4c8707e4-5b29-41a5-b694-bb54905c222b"}],"failureMessages":["Error: ENOENT: no such file or directory, stat 'C:\\Users\\user\\Downloads\\uni\\ApplicazioneQwen\\threat-modeler\\backend\\data-test-projects\\4c8707e4-5b29-41a5-b694-bb54905c222b'\n    at Object.stat (node:internal/fs/promises:1038:18)\n    at Object.<anonymous> (C:\\Users\\user\\Downloads\\uni\\ApplicazioneQwen\\threat-modeler\\backend\\tests\\integration\\projects.integration.test.js:310:26)"],"fullName":"Projects API - Isolamento cartelle e file Creazione progetto genera directory isolata con threat-model.json vuoto","invocations":1,"location":null,"numPassingAsserts":0,"retryReasons":[],"startAt":1780233922064,"status":"failed","title":"Creazione progetto genera directory isolata con threat-model.json vuoto"},{"ancestorTitles":["Projects API - Isolamento cartelle e file"],"duration":150,"failing":false,"failureDetails":[],"failureMessages":[],"fullName":"Projects API - Isolamento cartelle e file Asset creati in un progetto non appaiono in un altro progetto","invocations":1,"location":null,"numPassingAsserts":3,"retryReasons":[],"startAt":1780233922085,"status":"passed","title":"Asset creati in un progetto non appaiono in un altro progetto"},{"ancestorTitles":["Projects API - Isolamento cartelle e file"],"duration":127,"failing":false,"failureDetails":[],"failureMessages":[],"fullName":"Projects API - Isolamento cartelle e file Flussi creati in un progetto non appaiono in un altro progetto","invocations":1,"location":null,"numPassingAsserts":1,"retryReasons":[],"startAt":1780233922236,"status":"passed","title":"Flussi creati in un progetto non appaiono in un altro progetto"},{"ancestorTitles":["Middleware projectScope - Risoluzione directory"],"duration":44,"failing":false,"failureDetails":[],"failureMessages":[],"fullName":"Middleware projectScope - Risoluzione directory Richiesta con progetto attivo inietta req.projectDir corretto","invocations":1,"location":null,"numPassingAsserts":1,"retryReasons":[],"startAt":1780233922364,"status":"passed","title":"Richiesta con progetto attivo inietta req.projectDir corretto"},{"ancestorTitles":["Middleware projectScope - Risoluzione directory"],"duration":19,"failing":false,"failureDetails":[],"failureMessages":[],"fullName":"Middleware projectScope - Risoluzione directory Richiesta senza progetto attivo usa fallback directory","invocations":1,"location":null,"numPassingAsserts":1,"retryReasons":[],"startAt":1780233922409,"status":"passed","title":"Richiesta senza progetto attivo usa fallback directory"}],"endTime":1780233922460,"message":"\u001b[1m\u001b[31m  \u001b[1m● \u001b[22m\u001b[1mProjects API - CRUD e auto-attivazione › PUT/POST su progetto inesistente restituisce 404\u001b[39m\u001b[22m\n\n    expected 404 \"Not Found\", got 400 \"Bad Request\"\n\u001b[2m\u001b[22m\n\u001b[2m    \u001b[0m \u001b[90m 279 |\u001b[39m             \u001b[33m.\u001b[39mpost(\u001b[32m`/api/projects/${fakeId}/status`\u001b[39m)\u001b[22m\n\u001b[2m     \u001b[90m 280 |\u001b[39m             \u001b[33m.\u001b[39msend({ status\u001b[33m:\u001b[39m \u001b[32m'active'\u001b[39m })\u001b[22m\n\u001b[2m    \u001b[31m\u001b[1m>\u001b[22m\u001b[2m\u001b[39m\u001b[90m 281 |\u001b[39m             \u001b[33m.\u001b[39mexpect(\u001b[35m404\u001b[39m)\u001b[33m;\u001b[39m\u001b[22m\n\u001b[2m     \u001b[90m     |\u001b[39m              \u001b[31m\u001b[1m^\u001b[22m\u001b[2m\u001b[39m\u001b[22m\n\u001b[2m     \u001b[90m 282 |\u001b[39m     })\u001b[33m;\u001b[39m\u001b[22m\n\u001b[2m     \u001b[90m 283 |\u001b[39m })\u001b[33m;\u001b[39m\u001b[22m\n\u001b[2m     \u001b[90m 284 |\u001b[39m\u001b[0m\u001b[22m\n\u001b[2m\u001b[22m\n\u001b[2m      \u001b[2mat Object.expect (\u001b[22m\u001b[2m\u001b[0m\u001b[36mtests/integration/projects.integration.test.js\u001b[39m\u001b[0m\u001b[2m:281:14)\u001b[22m\u001b[2m\u001b[22m\n\u001b[2m      ----\u001b[22m\n\u001b[2m      \u001b[2mat Test._assertStatus (\u001b[22m\u001b[2mnode_modules/supertest/lib/test.js\u001b[2m:309:14)\u001b[22m\u001b[2m\u001b[22m\n\u001b[2m      \u001b[2mat \u001b[22m\u001b[2mnode_modules/supertest/lib/test.js\u001b[2m:365:13\u001b[22m\u001b[2m\u001b[22m\n\u001b[2m      \u001b[2mat Test._assertFunction (\u001b[22m\u001b[2mnode_modules/supertest/lib/test.js\u001b[2m:342:13)\u001b[22m\u001b[2m\u001b[22m\n\u001b[2m      \u001b[2mat Test.assert (\u001b[22m\u001b[2mnode_modules/supertest/lib/test.js\u001b[2m:195:23)\u001b[22m\u001b[2m\u001b[22m\n\u001b[2m      \u001b[2mat localAssert (\u001b[22m\u001b[2mnode_modules/supertest/lib/test.js\u001b[2m:138:14)\u001b[22m\u001b[2m\u001b[22m\n\u001b[2m      \u001b[2mat Server.<anonymous> (\u001b[22m\u001b[2mnode_modules/supertest/lib/test.js\u001b[2m:152:11)\u001b[22m\u001b[2m\u001b[22m\n\n\u001b[1m\u001b[31m  \u001b[1m● \u001b[22m\u001b[1mProjects API - Isolamento cartelle e file › Creazione progetto genera directory isolata con threat-model.json vuoto\u001b[39m\u001b[22m\n\n    ENOENT: no such file or directory, stat 'C:\\Users\\user\\Downloads\\uni\\ApplicazioneQwen\\threat-modeler\\backend\\data-test-projects\\4c8707e4-5b29-41a5-b694-bb54905c222b'\n\u001b[2m\u001b[22m\n\u001b[2m    \u001b[0m \u001b[90m 308 |\u001b[39m\u001b[22m\n\u001b[2m     \u001b[90m 309 |\u001b[39m         \u001b[90m// Verifica che la directory esista\u001b[39m\u001b[22m\n\u001b[2m    \u001b[31m\u001b[1m>\u001b[22m\u001b[2m\u001b[39m\u001b[90m 310 |\u001b[39m         \u001b[36mconst\u001b[39m dirStats \u001b[33m=\u001b[39m \u001b[36mawait\u001b[39m fs\u001b[33m.\u001b[39mstat(projectDir)\u001b[33m;\u001b[39m\u001b[22m\n\u001b[2m     \u001b[90m     |\u001b[39m                          \u001b[31m\u001b[1m^\u001b[22m\u001b[2m\u001b[39m\u001b[22m\n\u001b[2m     \u001b[90m 311 |\u001b[39m         expect(dirStats\u001b[33m.\u001b[39misDirectory())\u001b[33m.\u001b[39mtoBe(\u001b[36mtrue\u001b[39m)\u001b[33m;\u001b[39m\u001b[22m\n\u001b[2m     \u001b[90m 312 |\u001b[39m\u001b[22m\n\u001b[2m     \u001b[90m 313 |\u001b[39m         \u001b[90m// Verifica che threat-model.json esista e sia valido\u001b[39m\u001b[0m\u001b[22m\n\u001b[2m\u001b[22m\n\u001b[2m      \u001b[2mat Object.<anonymous> (\u001b[22m\u001b[2m\u001b[0m\u001b[36mtests/integration/projects.integration.test.js\u001b[39m\u001b[0m\u001b[2m:310:26)\u001b[22m\u001b[2m\u001b[22m\n","name":"C:\\Users\\user\\Downloads\\uni\\ApplicazioneQwen\\threat-modeler\\backend\\tests\\integration\\projects.integration.test.js","startTime":1780233920348,"status":"failed","summary":""},{"assertionResults":[{"ancestorTitles":["Asset Service - Recupero asset"],"duration":4,"failing":false,"failureDetails":[],"failureMessages":[],"fullName":"Asset Service - Recupero asset getAllAssets restituisce array vuoto se modello vuoto","invocations":1,"location":null,"numPassingAsserts":3,"retryReasons":[],"startAt":1780233922617,"status":"passed","title":"getAllAssets restituisce array vuoto se modello vuoto"},{"ancestorTitles":["Asset Service - Recupero asset"],"duration":5,"failing":false,"failureDetails":[],"failureMessages":[],"fullName":"Asset Service - Recupero asset getAllAssets restituisce lista asset se presente","invocations":1,"location":null,"numPassingAsserts":2,"retryReasons":[],"startAt":1780233922622,"status":"passed","title":"getAllAssets restituisce lista asset se presente"},{"ancestorTitles":["Asset Service - Recupero asset"],"duration":4,"failing":false,"failureDetails":[],"failureMessages":[],"fullName":"Asset Service - Recupero asset getAllAssets gestisce modello senza proprietà assets","invocations":1,"location":null,"numPassingAsserts":2,"retryReasons":[],"startAt":1780233922628,"status":"passed","title":"getAllAssets gestisce modello senza proprietà assets"},{"ancestorTitles":["Asset Service - Creazione asset"],"duration":4,"failing":false,"failureDetails":[{}],"failureMessages":["TypeError: uuidv4.validate is not a function\n    at Object.validate (C:\\Users\\user\\Downloads\\uni\\ApplicazioneQwen\\threat-modeler\\backend\\tests\\unit\\assetService.test.js:141:23)"],"fullName":"Asset Service - Creazione asset createAsset aggiunge un nuovo asset con metadati automatici","invocations":1,"location":null,"numPassingAsserts":4,"retryReasons":[],"startAt":1780233922633,"status":"failed","title":"createAsset aggiunge un nuovo asset con metadati automatici"},{"ancestorTitles":["Asset Service - Creazione asset"],"duration":10,"failing":false,"failureDetails":[],"failureMessages":[],"fullName":"Asset Service - Creazione asset createAsset lancia errore se name è mancante","invocations":1,"location":null,"numPassingAsserts":2,"retryReasons":[],"startAt":1780233922652,"status":"passed","title":"createAsset lancia errore se name è mancante"},{"ancestorTitles":["Asset Service - Creazione asset"],"duration":6,"failing":false,"failureDetails":[{"matcherResult":{"actual":"  Asset Trimmed  ","expected":"Asset Trimmed","message":"\u001b[2mexpect(\u001b[22m\u001b[31mreceived\u001b[39m\u001b[2m).\u001b[22mtoBe\u001b[2m(\u001b[22m\u001b[32mexpected\u001b[39m\u001b[2m) // Object.is equality\u001b[22m\n\nExpected: \u001b[32m\"Asset Trimmed\"\u001b[39m\nReceived: \u001b[31m\"\u001b[7m  \u001b[27mAsset Trimmed\u001b[7m  \u001b[27m\"\u001b[39m","name":"toBe","pass":false}}],"failureMessages":["Error: \u001b[2mexpect(\u001b[22m\u001b[31mreceived\u001b[39m\u001b[2m).\u001b[22mtoBe\u001b[2m(\u001b[22m\u001b[32mexpected\u001b[39m\u001b[2m) // Object.is equality\u001b[22m\n\nExpected: \u001b[32m\"Asset Trimmed\"\u001b[39m\nReceived: \u001b[31m\"\u001b[7m  \u001b[27mAsset Trimmed\u001b[7m  \u001b[27m\"\u001b[39m\n    at Object.toBe (C:\\Users\\user\\Downloads\\uni\\ApplicazioneQwen\\threat-modeler\\backend\\tests\\unit\\assetService.test.js:182:29)"],"fullName":"Asset Service - Creazione asset createAsset gestisce name con spazi extra (trim)","invocations":1,"location":null,"numPassingAsserts":0,"retryReasons":[],"startAt":1780233922663,"status":"failed","title":"createAsset gestisce name con spazi extra (trim)"},{"ancestorTitles":["Asset Service - Creazione asset"],"duration":10,"failing":false,"failureDetails":[],"failureMessages":[],"fullName":"Asset Service - Creazione asset createAsset preserva campi opzionali come description","invocations":1,"location":null,"numPassingAsserts":1,"retryReasons":[],"startAt":1780233922670,"status":"passed","title":"createAsset preserva campi opzionali come description"},{"ancestorTitles":["Asset Service - Aggiornamento asset"],"duration":3,"failing":false,"failureDetails":[],"failureMessages":[],"fullName":"Asset Service - Aggiornamento asset updateAsset modifica solo i campi specificati, preserva id e createdAt","invocations":1,"location":null,"numPassingAsserts":6,"retryReasons":[],"startAt":1780233922681,"status":"passed","title":"updateAsset modifica solo i campi specificati, preserva id e createdAt"},{"ancestorTitles":["Asset Service - Aggiornamento asset"],"duration":3,"failing":false,"failureDetails":[],"failureMessages":[],"fullName":"Asset Service - Aggiornamento asset updateAsset lancia errore se asset non trovato","invocations":1,"location":null,"numPassingAsserts":1,"retryReasons":[],"startAt":1780233922685,"status":"passed","title":"updateAsset lancia errore se asset non trovato"},{"ancestorTitles":["Asset Service - Aggiornamento asset"],"duration":3,"failing":false,"failureDetails":[],"failureMessages":[],"fullName":"Asset Service - Aggiornamento asset updateAsset gestisce aggiornamenti parziali (solo un campo)","invocations":1,"location":null,"numPassingAsserts":3,"retryReasons":[],"startAt":1780233922688,"status":"passed","title":"updateAsset gestisce aggiornamenti parziali (solo un campo)"},{"ancestorTitles":["Asset Service - Eliminazione asset"],"duration":3,"failing":false,"failureDetails":[],"failureMessages":[],"fullName":"Asset Service - Eliminazione asset deleteAsset rimuove l'asset e restituisce conteggio flussi orfani eliminati","invocations":1,"location":null,"numPassingAsserts":2,"retryReasons":[],"startAt":1780233922692,"status":"passed","title":"deleteAsset rimuove l'asset e restituisce conteggio flussi orfani eliminati"},{"ancestorTitles":["Asset Service - Eliminazione asset"],"duration":3,"failing":false,"failureDetails":[],"failureMessages":[],"fullName":"Asset Service - Eliminazione asset deleteAsset lancia errore se asset non trovato","invocations":1,"location":null,"numPassingAsserts":1,"retryReasons":[],"startAt":1780233922695,"status":"passed","title":"deleteAsset lancia errore se asset non trovato"},{"ancestorTitles":["Asset Service - Eliminazione asset"],"duration":3,"failing":false,"failureDetails":[],"failureMessages":[],"fullName":"Asset Service - Eliminazione asset deleteAsset gestisce modello senza flussi (nessun cascade delete)","invocations":1,"location":null,"numPassingAsserts":2,"retryReasons":[],"startAt":1780233922698,"status":"passed","title":"deleteAsset gestisce modello senza flussi (nessun cascade delete)"},{"ancestorTitles":["Asset Service - Importazione bulk"],"duration":3,"failing":false,"failureDetails":[],"failureMessages":[],"fullName":"Asset Service - Importazione bulk importAssets salva asset nuovi e conta duplicati per nome","invocations":1,"location":null,"numPassingAsserts":2,"retryReasons":[],"startAt":1780233922702,"status":"passed","title":"importAssets salva asset nuovi e conta duplicati per nome"},{"ancestorTitles":["Asset Service - Importazione bulk"],"duration":2,"failing":false,"failureDetails":[],"failureMessages":[],"fullName":"Asset Service - Importazione bulk importAssets ignora asset con name vuoto","invocations":1,"location":null,"numPassingAsserts":1,"retryReasons":[],"startAt":1780233922705,"status":"passed","title":"importAssets ignora asset con name vuoto"},{"ancestorTitles":["Asset Service - Importazione bulk"],"duration":3,"failing":false,"failureDetails":[],"failureMessages":[],"fullName":"Asset Service - Importazione bulk importAssets gestisce deduplica case-insensitive","invocations":1,"location":null,"numPassingAsserts":1,"retryReasons":[],"startAt":1780233922708,"status":"passed","title":"importAssets gestisce deduplica case-insensitive"},{"ancestorTitles":["Asset Service - Gestione errori e fallback"],"duration":2,"failing":false,"failureDetails":[{}],"failureMessages":["Error: File corrotto\n    at Object.<anonymous> (C:\\Users\\user\\Downloads\\uni\\ApplicazioneQwen\\threat-modeler\\backend\\tests\\unit\\assetService.test.js:489:37)\n    at Promise.finally.completed (C:\\Users\\user\\Downloads\\uni\\ApplicazioneQwen\\threat-modeler\\backend\\node_modules\\jest-circus\\build\\jestAdapterInit.js:1561:28)\n    at new Promise (<anonymous>)\n    at callAsyncCircusFn (C:\\Users\\user\\Downloads\\uni\\ApplicazioneQwen\\threat-modeler\\backend\\node_modules\\jest-circus\\build\\jestAdapterInit.js:1501:10)\n    at _callCircusTest (C:\\Users\\user\\Downloads\\uni\\ApplicazioneQwen\\threat-modeler\\backend\\node_modules\\jest-circus\\build\\jestAdapterInit.js:1011:40)\n    at _runTest (C:\\Users\\user\\Downloads\\uni\\ApplicazioneQwen\\threat-modeler\\backend\\node_modules\\jest-circus\\build\\jestAdapterInit.js:951:3)\n    at C:\\Users\\user\\Downloads\\uni\\ApplicazioneQwen\\threat-modeler\\backend\\node_modules\\jest-circus\\build\\jestAdapterInit.js:853:7\n    at _runTestsForDescribeBlock (C:\\Users\\user\\Downloads\\uni\\ApplicazioneQwen\\threat-modeler\\backend\\node_modules\\jest-circus\\build\\jestAdapterInit.js:866:11)\n    at _runTestsForDescribeBlock (C:\\Users\\user\\Downloads\\uni\\ApplicazioneQwen\\threat-modeler\\backend\\node_modules\\jest-circus\\build\\jestAdapterInit.js:861:11)\n    at run (C:\\Users\\user\\Downloads\\uni\\ApplicazioneQwen\\threat-modeler\\backend\\node_modules\\jest-circus\\build\\jestAdapterInit.js:765:3)\n    at runAndTransformResultsToJestFormat (C:\\Users\\user\\Downloads\\uni\\ApplicazioneQwen\\threat-modeler\\backend\\node_modules\\jest-circus\\build\\jestAdapterInit.js:1993:21)\n    at jestAdapter (C:\\Users\\user\\Downloads\\uni\\ApplicazioneQwen\\threat-modeler\\backend\\node_modules\\jest-circus\\build\\runner.js:111:19)\n    at runTestInternal (C:\\Users\\user\\Downloads\\uni\\ApplicazioneQwen\\threat-modeler\\backend\\node_modules\\jest-runner\\build\\index.js:276:16)\n    at runTest (C:\\Users\\user\\Downloads\\uni\\ApplicazioneQwen\\threat-modeler\\backend\\node_modules\\jest-runner\\build\\index.js:344:7)"],"fullName":"Asset Service - Gestione errori e fallback getAllAssets gestisce errori di loadModel restituendo array vuoto","invocations":1,"location":null,"numPassingAsserts":0,"retryReasons":[],"startAt":1780233922712,"status":"failed","title":"getAllAssets gestisce errori di loadModel restituendo array vuoto"},{"ancestorTitles":["Asset Service - Gestione errori e fallback"],"duration":3,"failing":false,"failureDetails":[],"failureMessages":[],"fullName":"Asset Service - Gestione errori e fallback createAsset propaga errori di saveModel","invocations":1,"location":null,"numPassingAsserts":1,"retryReasons":[],"startAt":1780233922715,"status":"passed","title":"createAsset propaga errori di saveModel"}],"endTime":1780233922743,"message":"\u001b[1m\u001b[31m  \u001b[1m● \u001b[22m\u001b[1mAsset Service - Creazione asset › createAsset aggiunge un nuovo asset con metadati automatici\u001b[39m\u001b[22m\n\n    TypeError: uuidv4.validate is not a function\n\u001b[2m\u001b[22m\n\u001b[2m    \u001b[0m \u001b[90m 139 |\u001b[39m         expect(result\u001b[33m.\u001b[39mcategory)\u001b[33m.\u001b[39mtoBe(assetData\u001b[33m.\u001b[39mcategory)\u001b[33m;\u001b[39m\u001b[22m\n\u001b[2m     \u001b[90m 140 |\u001b[39m         expect(result)\u001b[33m.\u001b[39mtoHaveProperty(\u001b[32m'createdAt'\u001b[39m)\u001b[33m;\u001b[39m\u001b[22m\n\u001b[2m    \u001b[31m\u001b[1m>\u001b[22m\u001b[2m\u001b[39m\u001b[90m 141 |\u001b[39m         expect(uuidv4\u001b[33m.\u001b[39mvalidate(result\u001b[33m.\u001b[39mid))\u001b[33m.\u001b[39mtoBe(\u001b[36mtrue\u001b[39m)\u001b[33m;\u001b[39m \u001b[90m// ID è UUID valido\u001b[39m\u001b[22m\n\u001b[2m     \u001b[90m     |\u001b[39m                       \u001b[31m\u001b[1m^\u001b[22m\u001b[2m\u001b[39m\u001b[22m\n\u001b[2m     \u001b[90m 142 |\u001b[39m\u001b[22m\n\u001b[2m     \u001b[90m 143 |\u001b[39m         \u001b[90m// Verifica che saveModel sia stato chiamato con l'asset aggiunto\u001b[39m\u001b[22m\n\u001b[2m     \u001b[90m 144 |\u001b[39m         expect(saveModel)\u001b[33m.\u001b[39mtoHaveBeenCalledWith(\u001b[0m\u001b[22m\n\u001b[2m\u001b[22m\n\u001b[2m      \u001b[2mat Object.validate (\u001b[22m\u001b[2m\u001b[0m\u001b[36mtests/unit/assetService.test.js\u001b[39m\u001b[0m\u001b[2m:141:23)\u001b[22m\u001b[2m\u001b[22m\n\n\u001b[1m\u001b[31m  \u001b[1m● \u001b[22m\u001b[1mAsset Service - Creazione asset › createAsset gestisce name con spazi extra (trim)\u001b[39m\u001b[22m\n\n    \u001b[2mexpect(\u001b[22m\u001b[31mreceived\u001b[39m\u001b[2m).\u001b[22mtoBe\u001b[2m(\u001b[22m\u001b[32mexpected\u001b[39m\u001b[2m) // Object.is equality\u001b[22m\n\n    Expected: \u001b[32m\"Asset Trimmed\"\u001b[39m\n    Received: \u001b[31m\"\u001b[7m  \u001b[27mAsset Trimmed\u001b[7m  \u001b[27m\"\u001b[39m\n\u001b[2m\u001b[22m\n\u001b[2m    \u001b[0m \u001b[90m 180 |\u001b[39m\u001b[22m\n\u001b[2m     \u001b[90m 181 |\u001b[39m         \u001b[90m// Assert: il name dovrebbe essere trimmato\u001b[39m\u001b[22m\n\u001b[2m    \u001b[31m\u001b[1m>\u001b[22m\u001b[2m\u001b[39m\u001b[90m 182 |\u001b[39m         expect(result\u001b[33m.\u001b[39mname)\u001b[33m.\u001b[39mtoBe(\u001b[32m'Asset Trimmed'\u001b[39m)\u001b[33m;\u001b[39m\u001b[22m\n\u001b[2m     \u001b[90m     |\u001b[39m                             \u001b[31m\u001b[1m^\u001b[22m\u001b[2m\u001b[39m\u001b[22m\n\u001b[2m     \u001b[90m 183 |\u001b[39m     })\u001b[33m;\u001b[39m\u001b[22m\n\u001b[2m     \u001b[90m 184 |\u001b[39m\u001b[22m\n\u001b[2m     \u001b[90m 185 |\u001b[39m     \u001b[90m/**\u001b[39m\u001b[0m\u001b[22m\n\u001b[2m\u001b[22m\n\u001b[2m      \u001b[2mat Object.toBe (\u001b[22m\u001b[2m\u001b[0m\u001b[36mtests/unit/assetService.test.js\u001b[39m\u001b[0m\u001b[2m:182:29)\u001b[22m\u001b[2m\u001b[22m\n\n\u001b[1m\u001b[31m  \u001b[1m● \u001b[22m\u001b[1mAsset Service - Gestione errori e fallback › getAllAssets gestisce errori di loadModel restituendo array vuoto\u001b[39m\u001b[22m\n\n    File corrotto\n\u001b[2m\u001b[22m\n\u001b[2m    \u001b[0m \u001b[90m 487 |\u001b[39m     test(\u001b[32m'getAllAssets gestisce errori di loadModel restituendo array vuoto'\u001b[39m\u001b[33m,\u001b[39m \u001b[36masync\u001b[39m () \u001b[33m=>\u001b[39m {\u001b[22m\n\u001b[2m     \u001b[90m 488 |\u001b[39m         \u001b[90m// Arrange: simula errore di lettura file\u001b[39m\u001b[22m\n\u001b[2m    \u001b[31m\u001b[1m>\u001b[22m\u001b[2m\u001b[39m\u001b[90m 489 |\u001b[39m         loadModel\u001b[33m.\u001b[39mmockRejectedValue(\u001b[36mnew\u001b[39m \u001b[33mError\u001b[39m(\u001b[32m'File corrotto'\u001b[39m))\u001b[33m;\u001b[39m\u001b[22m\n\u001b[2m     \u001b[90m     |\u001b[39m                                     \u001b[31m\u001b[1m^\u001b[22m\u001b[2m\u001b[39m\u001b[22m\n\u001b[2m     \u001b[90m 490 |\u001b[39m\u001b[22m\n\u001b[2m     \u001b[90m 491 |\u001b[39m         \u001b[90m// Act\u001b[39m\u001b[22m\n\u001b[2m     \u001b[90m 492 |\u001b[39m         \u001b[36mconst\u001b[39m result \u001b[33m=\u001b[39m \u001b[36mawait\u001b[39m assetService\u001b[33m.\u001b[39mgetAllAssets()\u001b[33m;\u001b[39m\u001b[0m\u001b[22m\n\u001b[2m\u001b[22m\n\u001b[2m      \u001b[2mat Object.<anonymous> (\u001b[22m\u001b[2m\u001b[0m\u001b[36mtests/unit/assetService.test.js\u001b[39m\u001b[0m\u001b[2m:489:37)\u001b[22m\u001b[2m\u001b[22m\n","name":"C:\\Users\\user\\Downloads\\uni\\ApplicazioneQwen\\threat-modeler\\backend\\tests\\unit\\assetService.test.js","startTime":1780233922492,"status":"failed","summary":""},{"assertionResults":[{"ancestorTitles":["projectService - getAllProjects"],"duration":3,"failing":false,"failureDetails":[],"failureMessages":[],"fullName":"projectService - getAllProjects restituisce array vuoto se file non esiste","invocations":1,"location":null,"numPassingAsserts":3,"retryReasons":[],"startAt":1780233922911,"status":"passed","title":"restituisce array vuoto se file non esiste"},{"ancestorTitles":["projectService - getAllProjects"],"duration":3,"failing":false,"failureDetails":[],"failureMessages":[],"fullName":"projectService - getAllProjects restituisce array vuoto se JSON è corrotto","invocations":1,"location":null,"numPassingAsserts":2,"retryReasons":[],"startAt":1780233922915,"status":"passed","title":"restituisce array vuoto se JSON è corrotto"},{"ancestorTitles":["projectService - getAllProjects"],"duration":2,"failing":false,"failureDetails":[],"failureMessages":[],"fullName":"projectService - getAllProjects restituisce lista progetti se file esiste e valido","invocations":1,"location":null,"numPassingAsserts":2,"retryReasons":[],"startAt":1780233922919,"status":"passed","title":"restituisce lista progetti se file esiste e valido"},{"ancestorTitles":["projectService - createProject"],"duration":3,"failing":false,"failureDetails":[{"matcherResult":{"actual":false,"expected":true,"message":"\u001b[2mexpect(\u001b[22m\u001b[31mreceived\u001b[39m\u001b[2m).\u001b[22mtoBe\u001b[2m(\u001b[22m\u001b[32mexpected\u001b[39m\u001b[2m) // Object.is equality\u001b[22m\n\nExpected: \u001b[32mtrue\u001b[39m\nReceived: \u001b[31mfalse\u001b[39m","name":"toBe","pass":false}}],"failureMessages":["Error: \u001b[2mexpect(\u001b[22m\u001b[31mreceived\u001b[39m\u001b[2m).\u001b[22mtoBe\u001b[2m(\u001b[22m\u001b[32mexpected\u001b[39m\u001b[2m) // Object.is equality\u001b[22m\n\nExpected: \u001b[32mtrue\u001b[39m\nReceived: \u001b[31mfalse\u001b[39m\n    at Object.toBe (C:\\Users\\user\\Downloads\\uni\\ApplicazioneQwen\\threat-modeler\\backend\\tests\\unit\\projectService.test.js:128:42)\n    at C:\\Users\\user\\Downloads\\uni\\ApplicazioneQwen\\threat-modeler\\backend\\node_modules\\jest-mock\\build\\index.js:305:39\n    at Object.<anonymous> (C:\\Users\\user\\Downloads\\uni\\ApplicazioneQwen\\threat-modeler\\backend\\node_modules\\jest-mock\\build\\index.js:312:13)\n    at Object.mockConstructor [as writeFile] (C:\\Users\\user\\Downloads\\uni\\ApplicazioneQwen\\threat-modeler\\backend\\node_modules\\jest-mock\\build\\index.js:102:19)\n    at writeFile (C:\\Users\\user\\Downloads\\uni\\ApplicazioneQwen\\threat-modeler\\backend\\services\\projectService.js:117:18)\n    at Object.createProject (C:\\Users\\user\\Downloads\\uni\\ApplicazioneQwen\\threat-modeler\\backend\\services\\projectService.js:180:9)\n    at Object.<anonymous> (C:\\Users\\user\\Downloads\\uni\\ApplicazioneQwen\\threat-modeler\\backend\\tests\\unit\\projectService.test.js:135:24)"],"fullName":"projectService - createProject genera UUID, imposta status active e salva","invocations":1,"location":null,"numPassingAsserts":2,"retryReasons":[],"startAt":1780233922922,"status":"failed","title":"genera UUID, imposta status active e salva"},{"ancestorTitles":["projectService - createProject"],"duration":2,"failing":false,"failureDetails":[{}],"failureMessages":["TypeError: saved.find is not a function\n    at Object.find (C:\\Users\\user\\Downloads\\uni\\ApplicazioneQwen\\threat-modeler\\backend\\tests\\unit\\projectService.test.js:158:38)\n    at C:\\Users\\user\\Downloads\\uni\\ApplicazioneQwen\\threat-modeler\\backend\\node_modules\\jest-mock\\build\\index.js:305:39\n    at Object.<anonymous> (C:\\Users\\user\\Downloads\\uni\\ApplicazioneQwen\\threat-modeler\\backend\\node_modules\\jest-mock\\build\\index.js:312:13)\n    at Object.mockConstructor [as writeFile] (C:\\Users\\user\\Downloads\\uni\\ApplicazioneQwen\\threat-modeler\\backend\\node_modules\\jest-mock\\build\\index.js:102:19)\n    at writeFile (C:\\Users\\user\\Downloads\\uni\\ApplicazioneQwen\\threat-modeler\\backend\\services\\projectService.js:117:18)\n    at Object.createProject (C:\\Users\\user\\Downloads\\uni\\ApplicazioneQwen\\threat-modeler\\backend\\services\\projectService.js:180:9)\n    at Object.<anonymous> (C:\\Users\\user\\Downloads\\uni\\ApplicazioneQwen\\threat-modeler\\backend\\tests\\unit\\projectService.test.js:165:9)"],"fullName":"projectService - createProject disattiva progetti attivi preesistenti","invocations":1,"location":null,"numPassingAsserts":1,"retryReasons":[],"startAt":1780233922944,"status":"failed","title":"disattiva progetti attivi preesistenti"},{"ancestorTitles":["projectService - createProject"],"duration":3,"failing":false,"failureDetails":[{}],"failureMessages":["TypeError: saved.find is not a function\n    at Object.find (C:\\Users\\user\\Downloads\\uni\\ApplicazioneQwen\\threat-modeler\\backend\\tests\\unit\\projectService.test.js:179:38)\n    at C:\\Users\\user\\Downloads\\uni\\ApplicazioneQwen\\threat-modeler\\backend\\node_modules\\jest-mock\\build\\index.js:305:39\n    at Object.<anonymous> (C:\\Users\\user\\Downloads\\uni\\ApplicazioneQwen\\threat-modeler\\backend\\node_modules\\jest-mock\\build\\index.js:312:13)\n    at Object.mockConstructor [as writeFile] (C:\\Users\\user\\Downloads\\uni\\ApplicazioneQwen\\threat-modeler\\backend\\node_modules\\jest-mock\\build\\index.js:102:19)\n    at writeFile (C:\\Users\\user\\Downloads\\uni\\ApplicazioneQwen\\threat-modeler\\backend\\services\\projectService.js:117:18)\n    at Object.createProject (C:\\Users\\user\\Downloads\\uni\\ApplicazioneQwen\\threat-modeler\\backend\\services\\projectService.js:180:9)\n    at Object.<anonymous> (C:\\Users\\user\\Downloads\\uni\\ApplicazioneQwen\\threat-modeler\\backend\\tests\\unit\\projectService.test.js:188:9)"],"fullName":"projectService - createProject trimma name, description e owner prima di salvare","invocations":1,"location":null,"numPassingAsserts":3,"retryReasons":[],"startAt":1780233922947,"status":"failed","title":"trimma name, description e owner prima di salvare"},{"ancestorTitles":["projectService - createProject"],"duration":2,"failing":false,"failureDetails":[{}],"failureMessages":["TypeError: saved.find is not a function\n    at Object.find (C:\\Users\\user\\Downloads\\uni\\ApplicazioneQwen\\threat-modeler\\backend\\tests\\unit\\projectService.test.js:200:38)\n    at C:\\Users\\user\\Downloads\\uni\\ApplicazioneQwen\\threat-modeler\\backend\\node_modules\\jest-mock\\build\\index.js:305:39\n    at Object.<anonymous> (C:\\Users\\user\\Downloads\\uni\\ApplicazioneQwen\\threat-modeler\\backend\\node_modules\\jest-mock\\build\\index.js:312:13)\n    at Object.mockConstructor [as writeFile] (C:\\Users\\user\\Downloads\\uni\\ApplicazioneQwen\\threat-modeler\\backend\\node_modules\\jest-mock\\build\\index.js:102:19)\n    at writeFile (C:\\Users\\user\\Downloads\\uni\\ApplicazioneQwen\\threat-modeler\\backend\\services\\projectService.js:117:18)\n    at Object.createProject (C:\\Users\\user\\Downloads\\uni\\ApplicazioneQwen\\threat-modeler\\backend\\services\\projectService.js:180:9)\n    at Object.<anonymous> (C:\\Users\\user\\Downloads\\uni\\ApplicazioneQwen\\threat-modeler\\backend\\tests\\unit\\projectService.test.js:207:9)"],"fullName":"projectService - createProject usa valori di default se name non fornito","invocations":1,"location":null,"numPassingAsserts":1,"retryReasons":[],"startAt":1780233922951,"status":"failed","title":"usa valori di default se name non fornito"},{"ancestorTitles":["projectService - updateProject"],"duration":5,"failing":false,"failureDetails":[],"failureMessages":[],"fullName":"projectService - updateProject aggiorna name e description, preserva id e status","invocations":1,"location":null,"numPassingAsserts":9,"retryReasons":[],"startAt":1780233922955,"status":"passed","title":"aggiorna name e description, preserva id e status"},{"ancestorTitles":["projectService - updateProject"],"duration":2,"failing":false,"failureDetails":[],"failureMessages":[],"fullName":"projectService - updateProject ignora tentativi di modificare id o status","invocations":1,"location":null,"numPassingAsserts":2,"retryReasons":[],"startAt":1780233922961,"status":"passed","title":"ignora tentativi di modificare id o status"},{"ancestorTitles":["projectService - updateProject"],"duration":3,"failing":false,"failureDetails":[],"failureMessages":[],"fullName":"projectService - updateProject lancia errore se progetto non trovato","invocations":1,"location":null,"numPassingAsserts":1,"retryReasons":[],"startAt":1780233922964,"status":"passed","title":"lancia errore se progetto non trovato"},{"ancestorTitles":["projectService - setStatus"],"duration":3,"failing":false,"failureDetails":[],"failureMessages":[],"fullName":"projectService - setStatus cambia stato progetto a archived","invocations":1,"location":null,"numPassingAsserts":3,"retryReasons":[],"startAt":1780233922968,"status":"passed","title":"cambia stato progetto a archived"},{"ancestorTitles":["projectService - setStatus"],"duration":2,"failing":false,"failureDetails":[],"failureMessages":[],"fullName":"projectService - setStatus cambia stato progetto a active e disattiva gli altri","invocations":1,"location":null,"numPassingAsserts":3,"retryReasons":[],"startAt":1780233922972,"status":"passed","title":"cambia stato progetto a active e disattiva gli altri"},{"ancestorTitles":["projectService - setStatus"],"duration":3,"failing":false,"failureDetails":[],"failureMessages":[],"fullName":"projectService - setStatus lancia errore per stato non valido","invocations":1,"location":null,"numPassingAsserts":1,"retryReasons":[],"startAt":1780233922975,"status":"passed","title":"lancia errore per stato non valido"},{"ancestorTitles":["projectService - setStatus"],"duration":2,"failing":false,"failureDetails":[],"failureMessages":[],"fullName":"projectService - setStatus lancia errore se progetto non trovato","invocations":1,"location":null,"numPassingAsserts":1,"retryReasons":[],"startAt":1780233922979,"status":"passed","title":"lancia errore se progetto non trovato"},{"ancestorTitles":["projectService - Directory resolution"],"duration":2,"failing":false,"failureDetails":[],"failureMessages":[],"fullName":"projectService - Directory resolution getActiveProjectDir restituisce null se nessun progetto attivo","invocations":1,"location":null,"numPassingAsserts":1,"retryReasons":[],"startAt":1780233922982,"status":"passed","title":"getActiveProjectDir restituisce null se nessun progetto attivo"},{"ancestorTitles":["projectService - Directory resolution"],"duration":2,"failing":false,"failureDetails":[],"failureMessages":[],"fullName":"projectService - Directory resolution getActiveProjectDir restituisce path corretto se progetto attivo","invocations":1,"location":null,"numPassingAsserts":3,"retryReasons":[],"startAt":1780233922985,"status":"passed","title":"getActiveProjectDir restituisce path corretto se progetto attivo"},{"ancestorTitles":["projectService - Directory resolution"],"duration":2,"failing":false,"failureDetails":[],"failureMessages":[],"fullName":"projectService - Directory resolution getProjectDir restituisce path per progetto specifico","invocations":1,"location":null,"numPassingAsserts":2,"retryReasons":[],"startAt":1780233922987,"status":"passed","title":"getProjectDir restituisce path per progetto specifico"},{"ancestorTitles":["projectService - Directory resolution"],"duration":2,"failing":false,"failureDetails":[],"failureMessages":[],"fullName":"projectService - Directory resolution getProjectDir restituisce null se progetto non esiste","invocations":1,"location":null,"numPassingAsserts":1,"retryReasons":[],"startAt":1780233922990,"status":"passed","title":"getProjectDir restituisce null se progetto non esiste"},{"ancestorTitles":["projectService - ensureProjectDir (indiretto)"],"duration":3,"failing":false,"failureDetails":[],"failureMessages":[],"fullName":"projectService - ensureProjectDir (indiretto) createProject chiama ensureProjectDir che crea cartella e file base","invocations":1,"location":null,"numPassingAsserts":3,"retryReasons":[],"startAt":1780233922993,"status":"passed","title":"createProject chiama ensureProjectDir che crea cartella e file base"}],"endTime":1780233923024,"message":"\u001b[1m\u001b[31m  \u001b[1m● \u001b[22m\u001b[1mprojectService - createProject › genera UUID, imposta status active e salva\u001b[39m\u001b[22m\n\n    \u001b[2mexpect(\u001b[22m\u001b[31mreceived\u001b[39m\u001b[2m).\u001b[22mtoBe\u001b[2m(\u001b[22m\u001b[32mexpected\u001b[39m\u001b[2m) // Object.is equality\u001b[22m\n\n    Expected: \u001b[32mtrue\u001b[39m\n    Received: \u001b[31mfalse\u001b[39m\n\u001b[2m\u001b[22m\n\u001b[2m    \u001b[0m \u001b[90m 126 |\u001b[39m             \u001b[90m// Verifica che il nuovo progetto sia salvato con status: 'active'\u001b[39m\u001b[22m\n\u001b[2m     \u001b[90m 127 |\u001b[39m             \u001b[36mconst\u001b[39m saved \u001b[33m=\u001b[39m \u001b[33mJSON\u001b[39m\u001b[33m.\u001b[39mparse(content)\u001b[33m;\u001b[39m\u001b[22m\n\u001b[2m    \u001b[31m\u001b[1m>\u001b[22m\u001b[2m\u001b[39m\u001b[90m 128 |\u001b[39m             expect(\u001b[33mArray\u001b[39m\u001b[33m.\u001b[39misArray(saved))\u001b[33m.\u001b[39mtoBe(\u001b[36mtrue\u001b[39m)\u001b[33m;\u001b[39m\u001b[22m\n\u001b[2m     \u001b[90m     |\u001b[39m                                          \u001b[31m\u001b[1m^\u001b[22m\u001b[2m\u001b[39m\u001b[22m\n\u001b[2m     \u001b[90m 129 |\u001b[39m             expect(saved[\u001b[35m0\u001b[39m]\u001b[33m.\u001b[39mstatus)\u001b[33m.\u001b[39mtoBe(\u001b[32m'active'\u001b[39m)\u001b[33m;\u001b[39m\u001b[22m\n\u001b[2m     \u001b[90m 130 |\u001b[39m             \u001b[36mreturn\u001b[39m \u001b[33mPromise\u001b[39m\u001b[33m.\u001b[39mresolve()\u001b[33m;\u001b[39m\u001b[22m\n\u001b[2m     \u001b[90m 131 |\u001b[39m         })\u001b[33m;\u001b[39m\u001b[0m\u001b[22m\n\u001b[2m\u001b[22m\n\u001b[2m      \u001b[2mat Object.toBe (\u001b[22m\u001b[2m\u001b[0m\u001b[36mtests/unit/projectService.test.js\u001b[39m\u001b[0m\u001b[2m:128:42)\u001b[22m\u001b[2m\u001b[22m\n\u001b[2m      \u001b[2mat writeFile (\u001b[22m\u001b[2mservices/projectService.js\u001b[2m:117:18)\u001b[22m\u001b[2m\u001b[22m\n\u001b[2m      \u001b[2mat Object.createProject (\u001b[22m\u001b[2mservices/projectService.js\u001b[2m:180:9)\u001b[22m\u001b[2m\u001b[22m\n\u001b[2m      \u001b[2mat Object.<anonymous> (\u001b[22m\u001b[2m\u001b[0m\u001b[36mtests/unit/projectService.test.js\u001b[39m\u001b[0m\u001b[2m:135:24)\u001b[22m\u001b[2m\u001b[22m\n\n\u001b[1m\u001b[31m  \u001b[1m● \u001b[22m\u001b[1mprojectService - createProject › disattiva progetti attivi preesistenti\u001b[39m\u001b[22m\n\n    TypeError: saved.find is not a function\n\u001b[2m\u001b[22m\n\u001b[2m    \u001b[0m \u001b[90m 156 |\u001b[39m             \u001b[36mconst\u001b[39m saved \u001b[33m=\u001b[39m \u001b[33mJSON\u001b[39m\u001b[33m.\u001b[39mparse(content)\u001b[33m;\u001b[39m\u001b[22m\n\u001b[2m     \u001b[90m 157 |\u001b[39m             \u001b[90m// Verifica che il progetto esistente sia ora draft\u001b[39m\u001b[22m\n\u001b[2m    \u001b[31m\u001b[1m>\u001b[22m\u001b[2m\u001b[39m\u001b[90m 158 |\u001b[39m             \u001b[36mconst\u001b[39m oldProject \u001b[33m=\u001b[39m saved\u001b[33m.\u001b[39mfind(p \u001b[33m=>\u001b[39m p\u001b[33m.\u001b[39mid \u001b[33m===\u001b[39m \u001b[32m'existing-1'\u001b[39m)\u001b[33m;\u001b[39m\u001b[22m\n\u001b[2m     \u001b[90m     |\u001b[39m                                      \u001b[31m\u001b[1m^\u001b[22m\u001b[2m\u001b[39m\u001b[22m\n\u001b[2m     \u001b[90m 159 |\u001b[39m             expect(oldProject\u001b[33m.\u001b[39mstatus)\u001b[33m.\u001b[39mtoBe(\u001b[32m'draft'\u001b[39m)\u001b[33m;\u001b[39m\u001b[22m\n\u001b[2m     \u001b[90m 160 |\u001b[39m             \u001b[36mreturn\u001b[39m \u001b[33mPromise\u001b[39m\u001b[33m.\u001b[39mresolve()\u001b[33m;\u001b[39m\u001b[22m\n\u001b[2m     \u001b[90m 161 |\u001b[39m         })\u001b[33m;\u001b[39m\u001b[0m\u001b[22m\n\u001b[2m\u001b[22m\n\u001b[2m      \u001b[2mat Object.find (\u001b[22m\u001b[2m\u001b[0m\u001b[36mtests/unit/projectService.test.js\u001b[39m\u001b[0m\u001b[2m:158:38)\u001b[22m\u001b[2m\u001b[22m\n\u001b[2m      \u001b[2mat writeFile (\u001b[22m\u001b[2mservices/projectService.js\u001b[2m:117:18)\u001b[22m\u001b[2m\u001b[22m\n\u001b[2m      \u001b[2mat Object.createProject (\u001b[22m\u001b[2mservices/projectService.js\u001b[2m:180:9)\u001b[22m\u001b[2m\u001b[22m\n\u001b[2m      \u001b[2mat Object.<anonymous> (\u001b[22m\u001b[2m\u001b[0m\u001b[36mtests/unit/projectService.test.js\u001b[39m\u001b[0m\u001b[2m:165:9)\u001b[22m\u001b[2m\u001b[22m\n\n\u001b[1m\u001b[31m  \u001b[1m● \u001b[22m\u001b[1mprojectService - createProject › trimma name, description e owner prima di salvare\u001b[39m\u001b[22m\n\n    TypeError: saved.find is not a function\n\u001b[2m\u001b[22m\n\u001b[2m    \u001b[0m \u001b[90m 177 |\u001b[39m         fs\u001b[33m.\u001b[39mpromises\u001b[33m.\u001b[39mwriteFile\u001b[33m.\u001b[39mmockImplementation((file\u001b[33m,\u001b[39m content) \u001b[33m=>\u001b[39m {\u001b[22m\n\u001b[2m     \u001b[90m 178 |\u001b[39m             \u001b[36mconst\u001b[39m saved \u001b[33m=\u001b[39m \u001b[33mJSON\u001b[39m\u001b[33m.\u001b[39mparse(content)\u001b[33m;\u001b[39m\u001b[22m\n\u001b[2m    \u001b[31m\u001b[1m>\u001b[22m\u001b[2m\u001b[39m\u001b[90m 179 |\u001b[39m             \u001b[36mconst\u001b[39m newProject \u001b[33m=\u001b[39m saved\u001b[33m.\u001b[39mfind(p \u001b[33m=>\u001b[39m p\u001b[33m.\u001b[39mname \u001b[33m===\u001b[39m \u001b[32m'Trimmed Name'\u001b[39m)\u001b[33m;\u001b[39m\u001b[22m\n\u001b[2m     \u001b[90m     |\u001b[39m                                      \u001b[31m\u001b[1m^\u001b[22m\u001b[2m\u001b[39m\u001b[22m\n\u001b[2m     \u001b[90m 180 |\u001b[39m             expect(newProject)\u001b[33m.\u001b[39mtoBeDefined()\u001b[33m;\u001b[39m\u001b[22m\n\u001b[2m     \u001b[90m 181 |\u001b[39m             expect(newProject\u001b[33m.\u001b[39mdescription)\u001b[33m.\u001b[39mtoBe(\u001b[32m'Trimmed Desc'\u001b[39m)\u001b[33m;\u001b[39m\u001b[22m\n\u001b[2m     \u001b[90m 182 |\u001b[39m             expect(newProject\u001b[33m.\u001b[39mowner)\u001b[33m.\u001b[39mtoBe(\u001b[32m'Trimmed Owner'\u001b[39m)\u001b[33m;\u001b[39m\u001b[0m\u001b[22m\n\u001b[2m\u001b[22m\n\u001b[2m      \u001b[2mat Object.find (\u001b[22m\u001b[2m\u001b[0m\u001b[36mtests/unit/projectService.test.js\u001b[39m\u001b[0m\u001b[2m:179:38)\u001b[22m\u001b[2m\u001b[22m\n\u001b[2m      \u001b[2mat writeFile (\u001b[22m\u001b[2mservices/projectService.js\u001b[2m:117:18)\u001b[22m\u001b[2m\u001b[22m\n\u001b[2m      \u001b[2mat Object.createProject (\u001b[22m\u001b[2mservices/projectService.js\u001b[2m:180:9)\u001b[22m\u001b[2m\u001b[22m\n\u001b[2m      \u001b[2mat Object.<anonymous> (\u001b[22m\u001b[2m\u001b[0m\u001b[36mtests/unit/projectService.test.js\u001b[39m\u001b[0m\u001b[2m:188:9)\u001b[22m\u001b[2m\u001b[22m\n\n\u001b[1m\u001b[31m  \u001b[1m● \u001b[22m\u001b[1mprojectService - createProject › usa valori di default se name non fornito\u001b[39m\u001b[22m\n\n    TypeError: saved.find is not a function\n\u001b[2m\u001b[22m\n\u001b[2m    \u001b[0m \u001b[90m 198 |\u001b[39m         fs\u001b[33m.\u001b[39mpromises\u001b[33m.\u001b[39mwriteFile\u001b[33m.\u001b[39mmockImplementation((file\u001b[33m,\u001b[39m content) \u001b[33m=>\u001b[39m {\u001b[22m\n\u001b[2m     \u001b[90m 199 |\u001b[39m             \u001b[36mconst\u001b[39m saved \u001b[33m=\u001b[39m \u001b[33mJSON\u001b[39m\u001b[33m.\u001b[39mparse(content)\u001b[33m;\u001b[39m\u001b[22m\n\u001b[2m    \u001b[31m\u001b[1m>\u001b[22m\u001b[2m\u001b[39m\u001b[90m 200 |\u001b[39m             \u001b[36mconst\u001b[39m newProject \u001b[33m=\u001b[39m saved\u001b[33m.\u001b[39mfind(p \u001b[33m=>\u001b[39m p\u001b[33m.\u001b[39mname \u001b[33m===\u001b[39m \u001b[32m'Nuovo Progetto'\u001b[39m)\u001b[33m;\u001b[39m\u001b[22m\n\u001b[2m     \u001b[90m     |\u001b[39m                                      \u001b[31m\u001b[1m^\u001b[22m\u001b[2m\u001b[39m\u001b[22m\n\u001b[2m     \u001b[90m 201 |\u001b[39m             expect(newProject)\u001b[33m.\u001b[39mtoBeDefined()\u001b[33m;\u001b[39m\u001b[22m\n\u001b[2m     \u001b[90m 202 |\u001b[39m             \u001b[36mreturn\u001b[39m \u001b[33mPromise\u001b[39m\u001b[33m.\u001b[39mresolve()\u001b[33m;\u001b[39m\u001b[22m\n\u001b[2m     \u001b[90m 203 |\u001b[39m         })\u001b[33m;\u001b[39m\u001b[0m\u001b[22m\n\u001b[2m\u001b[22m\n\u001b[2m      \u001b[2mat Object.find (\u001b[22m\u001b[2m\u001b[0m\u001b[36mtests/unit/projectService.test.js\u001b[39m\u001b[0m\u001b[2m:200:38)\u001b[22m\u001b[2m\u001b[22m\n\u001b[2m      \u001b[2mat writeFile (\u001b[22m\u001b[2mservices/projectService.js\u001b[2m:117:18)\u001b[22m\u001b[2m\u001b[22m\n\u001b[2m      \u001b[2mat Object.createProject (\u001b[22m\u001b[2mservices/projectService.js\u001b[2m:180:9)\u001b[22m\u001b[2m\u001b[22m\n\u001b[2m      \u001b[2mat Object.<anonymous> (\u001b[22m\u001b[2m\u001b[0m\u001b[36mtests/unit/projectService.test.js\u001b[39m\u001b[0m\u001b[2m:207:9)\u001b[22m\u001b[2m\u001b[22m\n","name":"C:\\Users\\user\\Downloads\\uni\\ApplicazioneQwen\\threat-modeler\\backend\\tests\\unit\\projectService.test.js","startTime":1780233922759,"status":"failed","summary":""},{"assertionResults":[{"ancestorTitles":["RAG reale con bridge Python"],"duration":2335,"failing":false,"failureDetails":[],"failureMessages":[],"fullName":"RAG reale con bridge Python health restituisce ok","invocations":1,"location":null,"numPassingAsserts":1,"retryReasons":[],"startAt":1780233923147,"status":"passed","title":"health restituisce ok"},{"ancestorTitles":["RAG reale con bridge Python"],"duration":2667,"failing":false,"failureDetails":[],"failureMessages":[],"fullName":"RAG reale con bridge Python query su collezione vuota restituisce array vuoto","invocations":1,"location":null,"numPassingAsserts":2,"retryReasons":[],"startAt":1780233925483,"status":"passed","title":"query su collezione vuota restituisce array vuoto"},{"ancestorTitles":["RAG reale con bridge Python"],"duration":6405,"failing":false,"failureDetails":[],"failureMessages":[],"fullName":"RAG reale con bridge Python ingest e query restituiscono documenti","invocations":1,"location":null,"numPassingAsserts":3,"retryReasons":[],"startAt":1780233928151,"status":"passed","title":"ingest e query restituiscono documenti"},{"ancestorTitles":["RAG reale con bridge Python"],"duration":2993,"failing":false,"failureDetails":[],"failureMessages":[],"fullName":"RAG reale con bridge Python query arricchita con tassonomia","invocations":1,"location":null,"numPassingAsserts":1,"retryReasons":[],"startAt":1780233934557,"status":"passed","title":"query arricchita con tassonomia"}],"endTime":1780233937563,"message":"","name":"C:\\Users\\user\\Downloads\\uni\\ApplicazioneQwen\\threat-modeler\\backend\\tests\\integration\\rag.real.test.js","startTime":1780233923049,"status":"passed","summary":""},{"assertionResults":[{"ancestorTitles":["Estrazione asset da file reale (mock Ollama)"],"duration":3150,"failing":false,"failureDetails":[],"failureMessages":[],"fullName":"Estrazione asset da file reale (mock Ollama) POST /api/analyze/extract-assets con file reale restituisce asset e chiama Ollama","invocations":1,"location":null,"numPassingAsserts":3,"retryReasons":[],"startAt":1780233938011,"status":"passed","title":"POST /api/analyze/extract-assets con file reale restituisce asset e chiama Ollama"},{"ancestorTitles":["Estrazione asset da file reale (mock Ollama)"],"duration":41,"failing":false,"failureDetails":[],"failureMessages":[],"fullName":"Estrazione asset da file reale (mock Ollama) POST /api/analyze/extract-assets con chunking attivo chiama Ollama per ogni chunk","invocations":1,"location":null,"numPassingAsserts":3,"retryReasons":[],"startAt":1780233941163,"status":"passed","title":"POST /api/analyze/extract-assets con chunking attivo chiama Ollama per ogni chunk"}],"endTime":1780233941206,"message":"","name":"C:\\Users\\user\\Downloads\\uni\\ApplicazioneQwen\\threat-modeler\\backend\\tests\\integration\\extractAssetsWithFile.test.js","startTime":1780233937580,"status":"passed","summary":""},{"assertionResults":[{"ancestorTitles":["Assets API - Integrazione HTTP"],"duration":54,"failing":false,"failureDetails":[],"failureMessages":[],"fullName":"Assets API - Integrazione HTTP POST /api/assets crea un nuovo asset e restituisce 201","invocations":1,"location":null,"numPassingAsserts":3,"retryReasons":[],"startAt":1780233941566,"status":"passed","title":"POST /api/assets crea un nuovo asset e restituisce 201"},{"ancestorTitles":["Assets API - Integrazione HTTP"],"duration":25,"failing":false,"failureDetails":[],"failureMessages":[],"fullName":"Assets API - Integrazione HTTP POST /api/assets restituisce 400 se name è mancante","invocations":1,"location":null,"numPassingAsserts":2,"retryReasons":[],"startAt":1780233941621,"status":"passed","title":"POST /api/assets restituisce 400 se name è mancante"},{"ancestorTitles":["Assets API - Integrazione HTTP"],"duration":57,"failing":false,"failureDetails":[],"failureMessages":[],"fullName":"Assets API - Integrazione HTTP GET /api/assets restituisce array con gli asset creati","invocations":1,"location":null,"numPassingAsserts":3,"retryReasons":[],"startAt":1780233941647,"status":"passed","title":"GET /api/assets restituisce array con gli asset creati"},{"ancestorTitles":["Assets API - Integrazione HTTP"],"duration":71,"failing":false,"failureDetails":[],"failureMessages":[],"fullName":"Assets API - Integrazione HTTP PUT /api/assets/:id aggiorna solo i campi specificati","invocations":1,"location":null,"numPassingAsserts":4,"retryReasons":[],"startAt":1780233941705,"status":"passed","title":"PUT /api/assets/:id aggiorna solo i campi specificati"},{"ancestorTitles":["Assets API - Integrazione HTTP"],"duration":27,"failing":false,"failureDetails":[],"failureMessages":[],"fullName":"Assets API - Integrazione HTTP PUT /api/assets/:id restituisce 404 se l'asset non esiste","invocations":1,"location":null,"numPassingAsserts":1,"retryReasons":[],"startAt":1780233941777,"status":"passed","title":"PUT /api/assets/:id restituisce 404 se l'asset non esiste"},{"ancestorTitles":["Assets API - Integrazione HTTP"],"duration":90,"failing":false,"failureDetails":[],"failureMessages":[],"fullName":"Assets API - Integrazione HTTP DELETE /api/assets/:id elimina l'asset e restituisce successo","invocations":1,"location":null,"numPassingAsserts":3,"retryReasons":[],"startAt":1780233941805,"status":"passed","title":"DELETE /api/assets/:id elimina l'asset e restituisce successo"},{"ancestorTitles":[],"duration":362,"failing":false,"failureDetails":[],"failureMessages":[],"fullName":"DELETE /api/assets/:id con cascade delete rispetta isolamento projectDir","invocations":1,"location":null,"numPassingAsserts":3,"retryReasons":[],"startAt":1780233941896,"status":"passed","title":"DELETE /api/assets/:id con cascade delete rispetta isolamento projectDir"},{"ancestorTitles":["Flows API - Integrazione HTTP"],"duration":75,"failing":false,"failureDetails":[],"failureMessages":[],"fullName":"Flows API - Integrazione HTTP POST /api/flows crea un nuovo flusso e restituisce 201","invocations":1,"location":null,"numPassingAsserts":2,"retryReasons":[],"startAt":1780233942259,"status":"passed","title":"POST /api/flows crea un nuovo flusso e restituisce 201"},{"ancestorTitles":["Flows API - Integrazione HTTP"],"duration":109,"failing":false,"failureDetails":[],"failureMessages":[],"fullName":"Flows API - Integrazione HTTP POST /api/flows restituisce 400 se fromId o toId sono mancanti","invocations":1,"location":null,"numPassingAsserts":0,"retryReasons":[],"startAt":1780233942335,"status":"passed","title":"POST /api/flows restituisce 400 se fromId o toId sono mancanti"},{"ancestorTitles":["Flows API - Integrazione HTTP"],"duration":133,"failing":false,"failureDetails":[],"failureMessages":[],"fullName":"Flows API - Integrazione HTTP GET /api/flows restituisce array con i flussi creati","invocations":1,"location":null,"numPassingAsserts":3,"retryReasons":[],"startAt":1780233942444,"status":"passed","title":"GET /api/flows restituisce array con i flussi creati"},{"ancestorTitles":["Flows API - Integrazione HTTP"],"duration":134,"failing":false,"failureDetails":[],"failureMessages":[],"fullName":"Flows API - Integrazione HTTP PUT /api/flows/:id aggiorna solo i campi specificati","invocations":1,"location":null,"numPassingAsserts":2,"retryReasons":[],"startAt":1780233942577,"status":"passed","title":"PUT /api/flows/:id aggiorna solo i campi specificati"},{"ancestorTitles":["Flows API - Integrazione HTTP"],"duration":162,"failing":false,"failureDetails":[],"failureMessages":[],"fullName":"Flows API - Integrazione HTTP DELETE /api/flows/:id elimina il flusso e restituisce successo","invocations":1,"location":null,"numPassingAsserts":3,"retryReasons":[],"startAt":1780233942712,"status":"passed","title":"DELETE /api/flows/:id elimina il flusso e restituisce successo"},{"ancestorTitles":["Assets & Flows API - Scenari complessi"],"duration":101,"failing":false,"failureDetails":[],"failureMessages":[],"fullName":"Assets & Flows API - Scenari complessi Eliminando un asset, i flussi correlati vengono eliminati automaticamente (cascade delete)","invocations":1,"location":null,"numPassingAsserts":1,"retryReasons":[],"startAt":1780233942874,"status":"passed","title":"Eliminando un asset, i flussi correlati vengono eliminati automaticamente (cascade delete)"},{"ancestorTitles":["Assets & Flows API - Scenari complessi"],"duration":238,"failing":false,"failureDetails":[],"failureMessages":[],"fullName":"Assets & Flows API - Scenari complessi DELETE /api/assets/:id elimina anche i flussi orfani correlati (cascade delete)","invocations":1,"location":null,"numPassingAsserts":6,"retryReasons":[],"startAt":1780233942976,"status":"passed","title":"DELETE /api/assets/:id elimina anche i flussi orfani correlati (cascade delete)"},{"ancestorTitles":["Assets & Flows API - Scenari complessi"],"duration":26,"failing":false,"failureDetails":[],"failureMessages":[],"fullName":"Assets & Flows API - Scenari complessi Endpoint inesistente restituisce 404","invocations":1,"location":null,"numPassingAsserts":0,"retryReasons":[],"startAt":1780233943215,"status":"passed","title":"Endpoint inesistente restituisce 404"},{"ancestorTitles":["Assets & Flows API - Scenari complessi"],"duration":25,"failing":false,"failureDetails":[],"failureMessages":[],"fullName":"Assets & Flows API - Scenari complessi Middleware CORS aggiunge header appropriati","invocations":1,"location":null,"numPassingAsserts":1,"retryReasons":[],"startAt":1780233943241,"status":"passed","title":"Middleware CORS aggiunge header appropriati"}],"endTime":1780233943270,"message":"","name":"C:\\Users\\user\\Downloads\\uni\\ApplicazioneQwen\\threat-modeler\\backend\\tests\\integration\\assets.integration.test.js","startTime":1780233941252,"status":"passed","summary":""},{"assertionResults":[{"ancestorTitles":["Asset/Flow CRUD con isolamento projectDir"],"duration":454,"failing":false,"failureDetails":[],"failureMessages":[],"fullName":"Asset/Flow CRUD con isolamento projectDir Cascade delete: eliminando asset in un progetto, i flussi orfani vengono rimossi solo in quel progetto","invocations":1,"location":null,"numPassingAsserts":4,"retryReasons":[],"startAt":1780233943597,"status":"passed","title":"Cascade delete: eliminando asset in un progetto, i flussi orfani vengono rimossi solo in quel progetto"},{"ancestorTitles":["Asset/Flow CRUD con isolamento projectDir"],"duration":299,"failing":false,"failureDetails":[],"failureMessages":[],"fullName":"Asset/Flow CRUD con isolamento projectDir ImportAssets opera solo nel progetto attivo","invocations":1,"location":null,"numPassingAsserts":4,"retryReasons":[],"startAt":1780233944052,"status":"passed","title":"ImportAssets opera solo nel progetto attivo"}],"endTime":1780233944359,"message":"","name":"C:\\Users\\user\\Downloads\\uni\\ApplicazioneQwen\\threat-modeler\\backend\\tests\\integration\\assets-with-projects.test.js","startTime":1780233943290,"status":"passed","summary":""},{"assertionResults":[{"ancestorTitles":["Server Integration"],"duration":43,"failing":false,"failureDetails":[],"failureMessages":[],"fullName":"Server Integration GET /api/methodologies restituisce lista metodologie","invocations":1,"location":null,"numPassingAsserts":1,"retryReasons":[],"startAt":1780233944727,"status":"passed","title":"GET /api/methodologies restituisce lista metodologie"},{"ancestorTitles":["Server Integration"],"duration":29,"failing":false,"failureDetails":[],"failureMessages":[],"fullName":"Server Integration GET /api/config restituisce configurazione","invocations":1,"location":null,"numPassingAsserts":2,"retryReasons":[],"startAt":1780233944771,"status":"passed","title":"GET /api/config restituisce configurazione"},{"ancestorTitles":["Server Integration"],"duration":36,"failing":false,"failureDetails":[],"failureMessages":[],"fullName":"Server Integration POST /api/analyze/extract-assets - validazione input","invocations":1,"location":null,"numPassingAsserts":1,"retryReasons":[],"startAt":1780233944801,"status":"passed","title":"POST /api/analyze/extract-assets - validazione input"},{"ancestorTitles":["Server Integration"],"duration":34,"failing":false,"failureDetails":[],"failureMessages":[],"fullName":"Server Integration POST /api/analyze/extract-assets con file inesistente","invocations":1,"location":null,"numPassingAsserts":1,"retryReasons":[],"startAt":1780233944838,"status":"passed","title":"POST /api/analyze/extract-assets con file inesistente"},{"ancestorTitles":["Server Integration"],"duration":2,"failing":false,"failureDetails":[],"failureMessages":[],"fullName":"Server Integration app.locals.config è stato caricato","invocations":1,"location":null,"numPassingAsserts":2,"retryReasons":[],"startAt":1780233944872,"status":"passed","title":"app.locals.config è stato caricato"}],"endTime":1780233944875,"message":"","name":"C:\\Users\\user\\Downloads\\uni\\ApplicazioneQwen\\threat-modeler\\backend\\tests\\integration\\server.integration.test.js","startTime":1780233944386,"status":"passed","summary":""},{"assertionResults":[{"ancestorTitles":["Configurazione reale"],"duration":29,"failing":false,"failureDetails":[],"failureMessages":[],"fullName":"Configurazione reale GET /api/config restituisce oggetto valido","invocations":1,"location":null,"numPassingAsserts":2,"retryReasons":[],"startAt":1780233945234,"status":"passed","title":"GET /api/config restituisce oggetto valido"},{"ancestorTitles":["Configurazione reale"],"duration":58,"failing":false,"failureDetails":[],"failureMessages":[],"fullName":"Configurazione reale PUT /api/config con campi validi aggiorna la configurazione","invocations":1,"location":null,"numPassingAsserts":2,"retryReasons":[],"startAt":1780233945264,"status":"passed","title":"PUT /api/config con campi validi aggiorna la configurazione"},{"ancestorTitles":["Configurazione reale"],"duration":22,"failing":false,"failureDetails":[],"failureMessages":[],"fullName":"Configurazione reale PUT /api/config con configurazione non valida restituisce errore","invocations":1,"location":null,"numPassingAsserts":1,"retryReasons":[],"startAt":1780233945323,"status":"passed","title":"PUT /api/config con configurazione non valida restituisce errore"}],"endTime":1780233945351,"message":"","name":"C:\\Users\\user\\Downloads\\uni\\ApplicazioneQwen\\threat-modeler\\backend\\tests\\integration\\config.real.test.js","startTime":1780233944910,"status":"passed","summary":""},{"assertionResults":[{"ancestorTitles":["TextExtractorService"],"duration":8,"failing":false,"failureDetails":[],"failureMessages":[],"fullName":"TextExtractorService estrae testo da file .txt","invocations":1,"location":null,"numPassingAsserts":1,"retryReasons":[],"startAt":1780233945517,"status":"passed","title":"estrae testo da file .txt"},{"ancestorTitles":["TextExtractorService"],"duration":39,"failing":false,"failureDetails":[],"failureMessages":[],"fullName":"TextExtractorService estrae testo da file .md","invocations":1,"location":null,"numPassingAsserts":2,"retryReasons":[],"startAt":1780233945526,"status":"passed","title":"estrae testo da file .md"},{"ancestorTitles":["TextExtractorService"],"duration":7,"failing":false,"failureDetails":[],"failureMessages":[],"fullName":"TextExtractorService estrae testo da file .html","invocations":1,"location":null,"numPassingAsserts":1,"retryReasons":[],"startAt":1780233945566,"status":"passed","title":"estrae testo da file .html"},{"ancestorTitles":["TextExtractorService"],"duration":1,"failing":false,"failureDetails":[],"failureMessages":[],"fullName":"TextExtractorService estrae testo da PDF (mock)","invocations":1,"location":null,"numPassingAsserts":1,"retryReasons":[],"startAt":1780233945574,"status":"passed","title":"estrae testo da PDF (mock)"},{"ancestorTitles":["TextExtractorService"],"duration":21,"failing":false,"failureDetails":[],"failureMessages":[],"fullName":"TextExtractorService lancia errore per formato non supportato","invocations":1,"location":null,"numPassingAsserts":1,"retryReasons":[],"startAt":1780233945576,"status":"passed","title":"lancia errore per formato non supportato"}],"endTime":1780233945604,"message":"","name":"C:\\Users\\user\\Downloads\\uni\\ApplicazioneQwen\\threat-modeler\\backend\\tests\\unit\\textExtractorService.test.js","startTime":1780233945372,"status":"passed","summary":""},{"assertionResults":[{"ancestorTitles":["AssetExtractionPipeline"],"duration":4,"failing":false,"failureDetails":[],"failureMessages":[],"fullName":"AssetExtractionPipeline esegue estrazione base senza chunking e senza RAG","invocations":1,"location":null,"numPassingAsserts":4,"retryReasons":[],"startAt":1780233945809,"status":"passed","title":"esegue estrazione base senza chunking e senza RAG"},{"ancestorTitles":["AssetExtractionPipeline"],"duration":6,"failing":false,"failureDetails":[],"failureMessages":[],"fullName":"AssetExtractionPipeline usa chunking e RAG se abilitati","invocations":1,"location":null,"numPassingAsserts":3,"retryReasons":[],"startAt":1780233945814,"status":"passed","title":"usa chunking e RAG se abilitati"},{"ancestorTitles":["AssetExtractionPipeline"],"duration":10,"failing":false,"failureDetails":[],"failureMessages":[],"fullName":"AssetExtractionPipeline gestisce errore durante estrazione","invocations":1,"location":null,"numPassingAsserts":1,"retryReasons":[],"startAt":1780233945821,"status":"passed","title":"gestisce errore durante estrazione"}],"endTime":1780233945833,"message":"","name":"C:\\Users\\user\\Downloads\\uni\\ApplicazioneQwen\\threat-modeler\\backend\\tests\\unit\\assetExtractionPipeline.test.js","startTime":1780233945612,"status":"passed","summary":""},{"assertionResults":[{"ancestorTitles":["Flow Service"],"duration":3,"failing":false,"failureDetails":[],"failureMessages":[],"fullName":"Flow Service getAllFlows restituisce array","invocations":1,"location":null,"numPassingAsserts":1,"retryReasons":[],"startAt":1780233945904,"status":"passed","title":"getAllFlows restituisce array"},{"ancestorTitles":["Flow Service"],"duration":2,"failing":false,"failureDetails":[],"failureMessages":[],"fullName":"Flow Service createFlow aggiunge un nuovo flusso","invocations":1,"location":null,"numPassingAsserts":3,"retryReasons":[],"startAt":1780233945908,"status":"passed","title":"createFlow aggiunge un nuovo flusso"},{"ancestorTitles":["Flow Service"],"duration":2,"failing":false,"failureDetails":[],"failureMessages":[],"fullName":"Flow Service updateFlow modifica flusso esistente","invocations":1,"location":null,"numPassingAsserts":1,"retryReasons":[],"startAt":1780233945911,"status":"passed","title":"updateFlow modifica flusso esistente"},{"ancestorTitles":["Flow Service"],"duration":1,"failing":false,"failureDetails":[],"failureMessages":[],"fullName":"Flow Service deleteFlow elimina flusso","invocations":1,"location":null,"numPassingAsserts":2,"retryReasons":[],"startAt":1780233945914,"status":"passed","title":"deleteFlow elimina flusso"}],"endTime":1780233945917,"message":"","name":"C:\\Users\\user\\Downloads\\uni\\ApplicazioneQwen\\threat-modeler\\backend\\tests\\unit\\flowService.test.js","startTime":1780233945848,"status":"passed","summary":""},{"assertionResults":[{"ancestorTitles":["RagService","costruttore"],"duration":20,"failing":false,"failureDetails":[],"failureMessages":[],"fullName":"RagService costruttore lancia errore per modalità sconosciuta","invocations":1,"location":null,"numPassingAsserts":1,"retryReasons":[],"startAt":1780233946029,"status":"passed","title":"lancia errore per modalità sconosciuta"},{"ancestorTitles":["RagService","modalità http-server"],"duration":4,"failing":false,"failureDetails":[],"failureMessages":[],"fullName":"RagService modalità http-server health() esegue chiamata a /api/v2/heartbeat","invocations":1,"location":null,"numPassingAsserts":2,"retryReasons":[],"startAt":1780233946050,"status":"passed","title":"health() esegue chiamata a /api/v2/heartbeat"},{"ancestorTitles":["RagService","modalità http-server"],"duration":2,"failing":false,"failureDetails":[],"failureMessages":[],"fullName":"RagService modalità http-server health() lancia errore se ChromaDB non risponde","invocations":1,"location":null,"numPassingAsserts":1,"retryReasons":[],"startAt":1780233946055,"status":"passed","title":"health() lancia errore se ChromaDB non risponde"},{"ancestorTitles":["RagService","modalità http-server"],"duration":3,"failing":false,"failureDetails":[],"failureMessages":[],"fullName":"RagService modalità http-server query() chiama endpoint corretto e restituisce documenti","invocations":1,"location":null,"numPassingAsserts":2,"retryReasons":[],"startAt":1780233946058,"status":"passed","title":"query() chiama endpoint corretto e restituisce documenti"},{"ancestorTitles":["RagService","modalità http-server"],"duration":3,"failing":false,"failureDetails":[],"failureMessages":[],"fullName":"RagService modalità http-server ingest() invia documenti e restituisce conteggio","invocations":1,"location":null,"numPassingAsserts":2,"retryReasons":[],"startAt":1780233946061,"status":"passed","title":"ingest() invia documenti e restituisce conteggio"},{"ancestorTitles":["RagService","modalità python-client"],"duration":3,"failing":false,"failureDetails":[],"failureMessages":[],"fullName":"RagService modalità python-client health() esegue bridge con --health","invocations":1,"location":null,"numPassingAsserts":2,"retryReasons":[],"startAt":1780233946065,"status":"passed","title":"health() esegue bridge con --health"},{"ancestorTitles":["RagService","modalità python-client"],"duration":3,"failing":false,"failureDetails":[],"failureMessages":[],"fullName":"RagService modalità python-client query() scrive temp file e chiama bridge con --query","invocations":1,"location":null,"numPassingAsserts":4,"retryReasons":[],"startAt":1780233946069,"status":"passed","title":"query() scrive temp file e chiama bridge con --query"},{"ancestorTitles":["RagService","modalità python-client"],"duration":6,"failing":false,"failureDetails":[],"failureMessages":[],"fullName":"RagService modalità python-client gestisce errore del bridge (codice di uscita non zero)","invocations":1,"location":null,"numPassingAsserts":1,"retryReasons":[],"startAt":1780233946072,"status":"passed","title":"gestisce errore del bridge (codice di uscita non zero)"},{"ancestorTitles":["RagService","modalità python-client"],"duration":16,"failing":false,"failureDetails":[],"failureMessages":[],"fullName":"RagService modalità python-client gestisce output JSON non valido","invocations":1,"location":null,"numPassingAsserts":1,"retryReasons":[],"startAt":1780233946078,"status":"passed","title":"gestisce output JSON non valido"}],"endTime":1780233946096,"message":"","name":"C:\\Users\\user\\Downloads\\uni\\ApplicazioneQwen\\threat-modeler\\backend\\tests\\unit\\ragService.test.js","startTime":1780233945924,"status":"passed","summary":""},{"assertionResults":[{"ancestorTitles":["MethodologyService"],"duration":4,"failing":false,"failureDetails":[],"failureMessages":[],"fullName":"MethodologyService loadManifest carica manifest.json","invocations":1,"location":null,"numPassingAsserts":2,"retryReasons":[],"startAt":1780233946165,"status":"passed","title":"loadManifest carica manifest.json"},{"ancestorTitles":["MethodologyService"],"duration":13,"failing":false,"failureDetails":[],"failureMessages":[],"fullName":"MethodologyService getMethodology restituisce metodologia abilitata","invocations":1,"location":null,"numPassingAsserts":2,"retryReasons":[],"startAt":1780233946169,"status":"passed","title":"getMethodology restituisce metodologia abilitata"},{"ancestorTitles":["MethodologyService"],"duration":2,"failing":false,"failureDetails":[],"failureMessages":[],"fullName":"MethodologyService loadTaxonomy carica e mette in cache","invocations":1,"location":null,"numPassingAsserts":3,"retryReasons":[],"startAt":1780233946183,"status":"passed","title":"loadTaxonomy carica e mette in cache"},{"ancestorTitles":["MethodologyService"],"duration":1,"failing":false,"failureDetails":[],"failureMessages":[],"fullName":"MethodologyService buildExtractionPrompt genera prompt con variabili","invocations":1,"location":null,"numPassingAsserts":3,"retryReasons":[],"startAt":1780233946186,"status":"passed","title":"buildExtractionPrompt genera prompt con variabili"}],"endTime":1780233946189,"message":"","name":"C:\\Users\\user\\Downloads\\uni\\ApplicazioneQwen\\threat-modeler\\backend\\tests\\unit\\methodologyService.test.js","startTime":1780233946116,"status":"passed","summary":""},{"assertionResults":[{"ancestorTitles":["Metodologie con tassonomia mancante"],"duration":6,"failing":false,"failureDetails":[],"failureMessages":[],"fullName":"Metodologie con tassonomia mancante loadTaxonomy lancia errore per metodologia senza taxonomy.json","invocations":1,"location":null,"numPassingAsserts":1,"retryReasons":[],"startAt":1780233946245,"status":"passed","title":"loadTaxonomy lancia errore per metodologia senza taxonomy.json"},{"ancestorTitles":["Metodologie con tassonomia mancante"],"duration":3,"failing":false,"failureDetails":[],"failureMessages":[],"fullName":"Metodologie con tassonomia mancante buildExtractionPrompt fallisce graceful se tassonomia mancante","invocations":1,"location":null,"numPassingAsserts":1,"retryReasons":[],"startAt":1780233946252,"status":"passed","title":"buildExtractionPrompt fallisce graceful se tassonomia mancante"}],"endTime":1780233946256,"message":"","name":"C:\\Users\\user\\Downloads\\uni\\ApplicazioneQwen\\threat-modeler\\backend\\tests\\integration\\methodology.real.test.js","startTime":1780233946196,"status":"passed","summary":""}],"wasInterrupted":false}
